<?xml version="1.0" encoding="UTF-8"?>
<!-- Generated by org.testng.reporters.JUnitReportReporter -->
<testsuite hostname="DESKTOP-B8JGMDH" failures="0" tests="8" name="testHome.HomePageTest" time="63.270" errors="0" timestamp="2020-09-01T15:16:47 EDT" skipped="6">
  <testcase classname="testHome.HomePageTest" name="testTergetLogoIsDisplayed" time="29.190"/>
  <system-out/>
  <testcase classname="testHome.HomePageTest" name="testRegistryLandedPage" time="34.080"/>
  <system-out/>
  <testcase classname="testHome.HomePageTest" name="testClearanceTabLanded">
    <skipped/>
  </testcase> <!-- testClearanceTabLanded -->
  <system-out/>
  <testcase classname="testHome.HomePageTest" name="testHomePageImageDisplay">
    <skipped/>
  </testcase> <!-- testHomePageImageDisplay -->
  <system-out/>
  <testcase classname="testHome.HomePageTest" name="testBabyButton">
    <skipped/>
  </testcase> <!-- testBabyButton -->
  <system-out/>
  <testcase classname="testHome.HomePageTest" name="testMoreButton">
    <skipped/>
  </testcase> <!-- testMoreButton -->
  <system-out/>
  <testcase classname="testHome.HomePageTest" name="testHalloweenButton">
    <skipped/>
  </testcase> <!-- testHalloweenButton -->
  <system-out/>
  <testcase classname="testHome.HomePageTest" name="testSameDayDeliveryButton">
    <skipped/>
  </testcase> <!-- testSameDayDeliveryButton -->
  <system-out/>
</testsuite> <!-- testHome.HomePageTest -->
