<?xml version="1.0" encoding="UTF-8"?>
<!-- Generated by org.testng.reporters.JUnitReportReporter -->
<testsuite hostname="Syeds-MacBook-Pro.local" failures="0" tests="11" name="testhome.HomePageTest" time="37.995" errors="0" timestamp="2020-09-01T01:38:51 EDT" skipped="8">
  <testcase classname="testhome.HomePageTest" name="testLoginWithInvalidEmailAndPassword" time="18.806"/>
  <system-out/>
  <testcase classname="testhome.HomePageTest" name="testLocationWithCityName" time="9.896"/>
  <system-out/>
  <testcase classname="testhome.HomePageTest" name="testLocationWithStateName" time="9.293"/>
  <system-out/>
  <testcase classname="testhome.HomePageTest" name="testSelectStorePageIsDisplayed">
    <skipped/>
  </testcase> <!-- testSelectStorePageIsDisplayed -->
  <system-out/>
  <testcase classname="testhome.HomePageTest" name="testLocationWithZipCode">
    <skipped/>
  </testcase> <!-- testLocationWithZipCode -->
  <system-out/>
  <testcase classname="testhome.HomePageTest" name="testLoginWithInvalidEmail">
    <skipped/>
  </testcase> <!-- testLoginWithInvalidEmail -->
  <system-out/>
  <testcase classname="testhome.HomePageTest" name="testLookupStoreWithInvalidLocationInput">
    <skipped/>
  </testcase> <!-- testLookupStoreWithInvalidLocationInput -->
  <system-out/>
  <testcase classname="testhome.HomePageTest" name="testForgotPasswordPageIsDisplayed">
    <skipped/>
  </testcase> <!-- testForgotPasswordPageIsDisplayed -->
  <system-out/>
  <testcase classname="testhome.HomePageTest" name="testLoginPageIsDisplayed">
    <skipped/>
  </testcase> <!-- testLoginPageIsDisplayed -->
  <system-out/>
  <testcase classname="testhome.HomePageTest" name="testResetPasswordWithInvalidEmail">
    <skipped/>
  </testcase> <!-- testResetPasswordWithInvalidEmail -->
  <system-out/>
  <testcase classname="testhome.HomePageTest" name="testLoginWithInvalidPassword">
    <skipped/>
  </testcase> <!-- testLoginWithInvalidPassword -->
  <system-out/>
</testsuite> <!-- testhome.HomePageTest -->
