<?xml version="1.0" encoding="UTF-8"?>
<!-- Generated by org.testng.reporters.JUnitReportReporter -->
<testsuite hostname="Armans-MacBook-Pro.local" failures="0" tests="2" name="testHome.TargetHomeTest" time="7.146" errors="0" timestamp="2020-08-31T04:46:44 EDT" skipped="0">
  <testcase classname="testHome.TargetHomeTest" name="testTargetLogoIsClickable" time="3.023"/>
  <system-out/>
  <testcase classname="testHome.TargetHomeTest" name="testTargetLogoDisplayCheck" time="4.123"/>
  <system-out/>
</testsuite> <!-- testHome.TargetHomeTest -->
