<?xml version="1.0" encoding="UTF-8"?>
<!-- Generated by org.testng.reporters.JUnitReportReporter -->
<testsuite hostname="LAPTOP-6QSDTELI" failures="0" tests="5" name="testRegistry.RegistryHomePageTest" time="56.248" errors="0" timestamp="2020-08-31T12:09:13 EDT" skipped="0">
  <testcase classname="testRegistry.RegistryHomePageTest" name="testAppStroeLogo" time="15.389"/>
  <system-out/>
  <testcase classname="testRegistry.RegistryHomePageTest" name="testRegistryButtonIsClickable" time="9.597"/>
  <system-out/>
  <testcase classname="testRegistry.RegistryHomePageTest" name="testBoxLogo" time="9.661"/>
  <system-out/>
  <testcase classname="testRegistry.RegistryHomePageTest" name="testCreateBabyRegistry" time="14.557"/>
  <system-out/>
  <testcase classname="testRegistry.RegistryHomePageTest" name="testLogoIsDisplayed" time="7.044"/>
  <system-out/>
</testsuite> <!-- testRegistry.RegistryHomePageTest -->
