<?xml version="1.0" encoding="UTF-8"?>
<!-- Generated by org.testng.reporters.JUnitReportReporter -->
<testsuite hostname="LAPTOP-6QSDTELI" failures="0" tests="6" name="homefunctiontest.HomeFunctionalTest" time="103.914" errors="0" timestamp="2020-08-31T12:09:13 EDT" skipped="0">
  <testcase classname="homefunctiontest.HomeFunctionalTest" name="testSignInButton" time="15.663"/>
  <system-out/>
  <testcase classname="homefunctiontest.HomeFunctionalTest" name="testCartSignInNegative" time="14.505"/>
  <system-out/>
  <testcase classname="homefunctiontest.HomeFunctionalTest" name="testUseLogIn" time="16.034"/>
  <system-out/>
  <testcase classname="homefunctiontest.HomeFunctionalTest" name="testShoppingCart" time="22.353"/>
  <system-out/>
  <testcase classname="homefunctiontest.HomeFunctionalTest" name="testCartSignIn" time="16.062"/>
  <system-out/>
  <testcase classname="homefunctiontest.HomeFunctionalTest" name="testShoppingCartNegative" time="19.297"/>
  <system-out/>
</testsuite> <!-- homefunctiontest.HomeFunctionalTest -->
