<?xml version="1.0" encoding="UTF-8"?>
<!-- Generated by org.testng.reporters.JUnitReportReporter -->
<testsuite hostname="Syeds-MacBook-Pro.local" failures="0" tests="11" name="testhome.HomePageTest" time="118.577" errors="0" timestamp="2020-09-02T03:42:14 EDT" skipped="0">
  <testcase classname="testhome.HomePageTest" name="testLocationWithStateName" time="9.218"/>
  <system-out/>
  <testcase classname="testhome.HomePageTest" name="testLoginWithInvalidEmail" time="10.797"/>
  <system-out/>
  <testcase classname="testhome.HomePageTest" name="testLookupStoreWithInvalidLocationInput" time="9.805"/>
  <system-out/>
  <testcase classname="testhome.HomePageTest" name="testLocationWithCityName" time="9.884"/>
  <system-out/>
  <testcase classname="testhome.HomePageTest" name="testResetPasswordWithInvalidEmail" time="10.479"/>
  <system-out/>
  <testcase classname="testhome.HomePageTest" name="testLoginPageIsDisplayed" time="11.913"/>
  <system-out/>
  <testcase classname="testhome.HomePageTest" name="testLoginWithInvalidPassword" time="13.096"/>
  <system-out/>
  <testcase classname="testhome.HomePageTest" name="testForgotPasswordPageIsDisplayed" time="12.433"/>
  <system-out/>
  <testcase classname="testhome.HomePageTest" name="testLocationWithZipCode" time="9.199"/>
  <system-out/>
  <testcase classname="testhome.HomePageTest" name="testSelectStorePageIsDisplayed" time="8.479"/>
  <system-out/>
  <testcase classname="testhome.HomePageTest" name="testLoginWithInvalidEmailAndPassword" time="13.274"/>
  <system-out/>
</testsuite> <!-- testhome.HomePageTest -->
