<?xml version="1.0" encoding="UTF-8"?>
<testsuite xmlns:xsi="http://www.w3.org/2001/XMLSchema-instance" xsi:noNamespaceSchemaLocation="https://maven.apache.org/surefire/maven-surefire-plugin/xsd/surefire-test-report-3.0.xsd" version="3.0" name="TestSuite" time="422.825" tests="28" errors="0" skipped="0" failures="26">
  <properties>
    <property name="gopherProxySet" value="false"/>
    <property name="awt.toolkit" value="sun.lwawt.macosx.LWCToolkit"/>
    <property name="java.specification.version" value="11"/>
    <property name="webdriver.chrome.driver" value="../Generic/BrowserDriver/Mac/chromedriver"/>
    <property name="sun.cpu.isalist" value=""/>
    <property name="sun.jnu.encoding" value="UTF-8"/>
    <property name="java.class.path" value="/Users/mohammadislam/IdeaProjects/WebAutomationFrameWorkSelenium_Team2/TargetEcommerce/target/test-classes:/Users/mohammadislam/IdeaProjects/WebAutomationFrameWorkSelenium_Team2/TargetEcommerce/target/classes:/Users/mohammadislam/IdeaProjects/WebAutomationFrameWorkSelenium_Team2/Generic/target/classes:/Users/mohammadislam/.m2/repository/org/seleniumhq/selenium/selenium-java/3.141.59/selenium-java-3.141.59.jar:/Users/mohammadislam/.m2/repository/org/seleniumhq/selenium/selenium-api/3.141.59/selenium-api-3.141.59.jar:/Users/mohammadislam/.m2/repository/org/seleniumhq/selenium/selenium-chrome-driver/3.141.59/selenium-chrome-driver-3.141.59.jar:/Users/mohammadislam/.m2/repository/org/seleniumhq/selenium/selenium-edge-driver/3.141.59/selenium-edge-driver-3.141.59.jar:/Users/mohammadislam/.m2/repository/org/seleniumhq/selenium/selenium-firefox-driver/3.141.59/selenium-firefox-driver-3.141.59.jar:/Users/mohammadislam/.m2/repository/org/seleniumhq/selenium/selenium-ie-driver/3.141.59/selenium-ie-driver-3.141.59.jar:/Users/mohammadislam/.m2/repository/org/seleniumhq/selenium/selenium-opera-driver/3.141.59/selenium-opera-driver-3.141.59.jar:/Users/mohammadislam/.m2/repository/org/seleniumhq/selenium/selenium-remote-driver/3.141.59/selenium-remote-driver-3.141.59.jar:/Users/mohammadislam/.m2/repository/org/seleniumhq/selenium/selenium-safari-driver/3.141.59/selenium-safari-driver-3.141.59.jar:/Users/mohammadislam/.m2/repository/org/seleniumhq/selenium/selenium-support/3.141.59/selenium-support-3.141.59.jar:/Users/mohammadislam/.m2/repository/net/bytebuddy/byte-buddy/1.8.15/byte-buddy-1.8.15.jar:/Users/mohammadislam/.m2/repository/org/apache/commons/commons-exec/1.3/commons-exec-1.3.jar:/Users/mohammadislam/.m2/repository/com/google/guava/guava/25.0-jre/guava-25.0-jre.jar:/Users/mohammadislam/.m2/repository/com/google/code/findbugs/jsr305/1.3.9/jsr305-1.3.9.jar:/Users/mohammadislam/.m2/repository/org/checkerframework/checker-compat-qual/2.0.0/checker-compat-qual-2.0.0.jar:/Users/mohammadislam/.m2/repository/com/google/errorprone/error_prone_annotations/2.1.3/error_prone_annotations-2.1.3.jar:/Users/mohammadislam/.m2/repository/com/google/j2objc/j2objc-annotations/1.1/j2objc-annotations-1.1.jar:/Users/mohammadislam/.m2/repository/org/codehaus/mojo/animal-sniffer-annotations/1.14/animal-sniffer-annotations-1.14.jar:/Users/mohammadislam/.m2/repository/com/squareup/okhttp3/okhttp/3.11.0/okhttp-3.11.0.jar:/Users/mohammadislam/.m2/repository/com/squareup/okio/okio/1.14.0/okio-1.14.0.jar:/Users/mohammadislam/.m2/repository/org/seleniumhq/selenium/selenium-server/3.141.59/selenium-server-3.141.59.jar:/Users/mohammadislam/.m2/repository/com/beust/jcommander/1.72/jcommander-1.72.jar:/Users/mohammadislam/.m2/repository/net/jcip/jcip-annotations/1.0/jcip-annotations-1.0.jar:/Users/mohammadislam/.m2/repository/org/seleniumhq/selenium/jetty-repacked/9.4.12.v20180830/jetty-repacked-9.4.12.v20180830.jar:/Users/mohammadislam/.m2/repository/javax/servlet/javax.servlet-api/3.1.0/javax.servlet-api-3.1.0.jar:/Users/mohammadislam/.m2/repository/org/yaml/snakeyaml/1.19/snakeyaml-1.19.jar:/Users/mohammadislam/.m2/repository/org/testng/testng/7.1.0/testng-7.1.0.jar:/Users/mohammadislam/.m2/repository/com/google/inject/guice/4.1.0/guice-4.1.0-no_aop.jar:/Users/mohammadislam/.m2/repository/javax/inject/javax.inject/1/javax.inject-1.jar:/Users/mohammadislam/.m2/repository/aopalliance/aopalliance/1.0/aopalliance-1.0.jar:/Users/mohammadislam/.m2/repository/io/github/bonigarcia/webdrivermanager/4.2.0/webdrivermanager-4.2.0.jar:/Users/mohammadislam/.m2/repository/org/slf4j/slf4j-api/1.7.30/slf4j-api-1.7.30.jar:/Users/mohammadislam/.m2/repository/com/google/code/gson/gson/2.8.6/gson-2.8.6.jar:/Users/mohammadislam/.m2/repository/org/apache/httpcomponents/client5/httpclient5/5.0.1/httpclient5-5.0.1.jar:/Users/mohammadislam/.m2/repository/org/apache/httpcomponents/core5/httpcore5/5.0.1/httpcore5-5.0.1.jar:/Users/mohammadislam/.m2/repository/org/apache/httpcomponents/core5/httpcore5-h2/5.0.1/httpcore5-h2-5.0.1.jar:/Users/mohammadislam/.m2/repository/org/rauschig/jarchivelib/1.0.0/jarchivelib-1.0.0.jar:/Users/mohammadislam/.m2/repository/org/jsoup/jsoup/1.13.1/jsoup-1.13.1.jar:/Users/mohammadislam/.m2/repository/org/mongodb/mongo-java-driver/3.12.7/mongo-java-driver-3.12.7.jar:/Users/mohammadislam/.m2/repository/mysql/mysql-connector-java/8.0.21/mysql-connector-java-8.0.21.jar:/Users/mohammadislam/.m2/repository/com/google/protobuf/protobuf-java/3.11.4/protobuf-java-3.11.4.jar:/Users/mohammadislam/.m2/repository/org/apache/poi/poi/4.1.2/poi-4.1.2.jar:/Users/mohammadislam/.m2/repository/commons-codec/commons-codec/1.13/commons-codec-1.13.jar:/Users/mohammadislam/.m2/repository/org/apache/commons/commons-collections4/4.4/commons-collections4-4.4.jar:/Users/mohammadislam/.m2/repository/org/apache/commons/commons-math3/3.6.1/commons-math3-3.6.1.jar:/Users/mohammadislam/.m2/repository/com/zaxxer/SparseBitSet/1.2/SparseBitSet-1.2.jar:/Users/mohammadislam/.m2/repository/org/apache/poi/poi-ooxml/4.1.2/poi-ooxml-4.1.2.jar:/Users/mohammadislam/.m2/repository/org/apache/poi/poi-ooxml-schemas/4.1.2/poi-ooxml-schemas-4.1.2.jar:/Users/mohammadislam/.m2/repository/org/apache/xmlbeans/xmlbeans/3.1.0/xmlbeans-3.1.0.jar:/Users/mohammadislam/.m2/repository/org/apache/commons/commons-compress/1.19/commons-compress-1.19.jar:/Users/mohammadislam/.m2/repository/com/github/virtuald/curvesapi/1.06/curvesapi-1.06.jar:/Users/mohammadislam/.m2/repository/com/aventstack/extentreports/5.0.3/extentreports-5.0.3.jar:/Users/mohammadislam/.m2/repository/io/reactivex/rxjava3/rxjava/3.0.4/rxjava-3.0.4.jar:/Users/mohammadislam/.m2/repository/org/reactivestreams/reactive-streams/1.0.3/reactive-streams-1.0.3.jar:/Users/mohammadislam/.m2/repository/org/freemarker/freemarker/2.3.30/freemarker-2.3.30.jar:/Users/mohammadislam/.m2/repository/org/projectlombok/lombok/1.18.12/lombok-1.18.12.jar:/Users/mohammadislam/.m2/repository/com/relevantcodes/extentreports/2.41.2/extentreports-2.41.2.jar:/Users/mohammadislam/.m2/repository/org/xerial/sqlite-jdbc/3.8.11.1/sqlite-jdbc-3.8.11.1.jar:/Users/mohammadislam/.m2/repository/org/mongodb/mongodb-driver/3.0.4/mongodb-driver-3.0.4.jar:/Users/mohammadislam/.m2/repository/org/mongodb/bson/3.0.4/bson-3.0.4.jar:/Users/mohammadislam/.m2/repository/org/mongodb/mongodb-driver-core/3.0.4/mongodb-driver-core-3.0.4.jar:/Users/mohammadislam/.m2/repository/org/apache/commons/commons-lang3/3.11/commons-lang3-3.11.jar:/Users/mohammadislam/.m2/repository/commons-io/commons-io/2.7/commons-io-2.7.jar:"/>
    <property name="java.vm.vendor" value="Oracle Corporation"/>
    <property name="sun.arch.data.model" value="64"/>
    <property name="java.vendor.url" value="https://openjdk.java.net/"/>
    <property name="user.timezone" value="America/New_York"/>
    <property name="java.vm.specification.version" value="11"/>
    <property name="os.name" value="Mac OS X"/>
    <property name="sun.java.launcher" value="SUN_STANDARD"/>
    <property name="user.country" value="US"/>
    <property name="sun.boot.library.path" value="/Library/Java/JavaVirtualMachines/jdk-11.0.7.jdk/Contents/Home/lib"/>
    <property name="sun.java.command" value="/Users/mohammadislam/IdeaProjects/WebAutomationFrameWorkSelenium_Team2/TargetEcommerce/target/surefire/surefirebooter6889029714295376274.jar /Users/mohammadislam/IdeaProjects/WebAutomationFrameWorkSelenium_Team2/TargetEcommerce/target/surefire 2020-09-26T03-17-34_957-jvmRun1 surefire17827710464014997201tmp surefire_118029266507733334476tmp"/>
    <property name="http.nonProxyHosts" value="local|*.local|169.254/16|*.169.254/16"/>
    <property name="jdk.debug" value="release"/>
    <property name="surefire.test.class.path" value="/Users/mohammadislam/IdeaProjects/WebAutomationFrameWorkSelenium_Team2/TargetEcommerce/target/test-classes:/Users/mohammadislam/IdeaProjects/WebAutomationFrameWorkSelenium_Team2/TargetEcommerce/target/classes:/Users/mohammadislam/IdeaProjects/WebAutomationFrameWorkSelenium_Team2/Generic/target/classes:/Users/mohammadislam/.m2/repository/org/seleniumhq/selenium/selenium-java/3.141.59/selenium-java-3.141.59.jar:/Users/mohammadislam/.m2/repository/org/seleniumhq/selenium/selenium-api/3.141.59/selenium-api-3.141.59.jar:/Users/mohammadislam/.m2/repository/org/seleniumhq/selenium/selenium-chrome-driver/3.141.59/selenium-chrome-driver-3.141.59.jar:/Users/mohammadislam/.m2/repository/org/seleniumhq/selenium/selenium-edge-driver/3.141.59/selenium-edge-driver-3.141.59.jar:/Users/mohammadislam/.m2/repository/org/seleniumhq/selenium/selenium-firefox-driver/3.141.59/selenium-firefox-driver-3.141.59.jar:/Users/mohammadislam/.m2/repository/org/seleniumhq/selenium/selenium-ie-driver/3.141.59/selenium-ie-driver-3.141.59.jar:/Users/mohammadislam/.m2/repository/org/seleniumhq/selenium/selenium-opera-driver/3.141.59/selenium-opera-driver-3.141.59.jar:/Users/mohammadislam/.m2/repository/org/seleniumhq/selenium/selenium-remote-driver/3.141.59/selenium-remote-driver-3.141.59.jar:/Users/mohammadislam/.m2/repository/org/seleniumhq/selenium/selenium-safari-driver/3.141.59/selenium-safari-driver-3.141.59.jar:/Users/mohammadislam/.m2/repository/org/seleniumhq/selenium/selenium-support/3.141.59/selenium-support-3.141.59.jar:/Users/mohammadislam/.m2/repository/net/bytebuddy/byte-buddy/1.8.15/byte-buddy-1.8.15.jar:/Users/mohammadislam/.m2/repository/org/apache/commons/commons-exec/1.3/commons-exec-1.3.jar:/Users/mohammadislam/.m2/repository/com/google/guava/guava/25.0-jre/guava-25.0-jre.jar:/Users/mohammadislam/.m2/repository/com/google/code/findbugs/jsr305/1.3.9/jsr305-1.3.9.jar:/Users/mohammadislam/.m2/repository/org/checkerframework/checker-compat-qual/2.0.0/checker-compat-qual-2.0.0.jar:/Users/mohammadislam/.m2/repository/com/google/errorprone/error_prone_annotations/2.1.3/error_prone_annotations-2.1.3.jar:/Users/mohammadislam/.m2/repository/com/google/j2objc/j2objc-annotations/1.1/j2objc-annotations-1.1.jar:/Users/mohammadislam/.m2/repository/org/codehaus/mojo/animal-sniffer-annotations/1.14/animal-sniffer-annotations-1.14.jar:/Users/mohammadislam/.m2/repository/com/squareup/okhttp3/okhttp/3.11.0/okhttp-3.11.0.jar:/Users/mohammadislam/.m2/repository/com/squareup/okio/okio/1.14.0/okio-1.14.0.jar:/Users/mohammadislam/.m2/repository/org/seleniumhq/selenium/selenium-server/3.141.59/selenium-server-3.141.59.jar:/Users/mohammadislam/.m2/repository/com/beust/jcommander/1.72/jcommander-1.72.jar:/Users/mohammadislam/.m2/repository/net/jcip/jcip-annotations/1.0/jcip-annotations-1.0.jar:/Users/mohammadislam/.m2/repository/org/seleniumhq/selenium/jetty-repacked/9.4.12.v20180830/jetty-repacked-9.4.12.v20180830.jar:/Users/mohammadislam/.m2/repository/javax/servlet/javax.servlet-api/3.1.0/javax.servlet-api-3.1.0.jar:/Users/mohammadislam/.m2/repository/org/yaml/snakeyaml/1.19/snakeyaml-1.19.jar:/Users/mohammadislam/.m2/repository/org/testng/testng/7.1.0/testng-7.1.0.jar:/Users/mohammadislam/.m2/repository/com/google/inject/guice/4.1.0/guice-4.1.0-no_aop.jar:/Users/mohammadislam/.m2/repository/javax/inject/javax.inject/1/javax.inject-1.jar:/Users/mohammadislam/.m2/repository/aopalliance/aopalliance/1.0/aopalliance-1.0.jar:/Users/mohammadislam/.m2/repository/io/github/bonigarcia/webdrivermanager/4.2.0/webdrivermanager-4.2.0.jar:/Users/mohammadislam/.m2/repository/org/slf4j/slf4j-api/1.7.30/slf4j-api-1.7.30.jar:/Users/mohammadislam/.m2/repository/com/google/code/gson/gson/2.8.6/gson-2.8.6.jar:/Users/mohammadislam/.m2/repository/org/apache/httpcomponents/client5/httpclient5/5.0.1/httpclient5-5.0.1.jar:/Users/mohammadislam/.m2/repository/org/apache/httpcomponents/core5/httpcore5/5.0.1/httpcore5-5.0.1.jar:/Users/mohammadislam/.m2/repository/org/apache/httpcomponents/core5/httpcore5-h2/5.0.1/httpcore5-h2-5.0.1.jar:/Users/mohammadislam/.m2/repository/org/rauschig/jarchivelib/1.0.0/jarchivelib-1.0.0.jar:/Users/mohammadislam/.m2/repository/org/jsoup/jsoup/1.13.1/jsoup-1.13.1.jar:/Users/mohammadislam/.m2/repository/org/mongodb/mongo-java-driver/3.12.7/mongo-java-driver-3.12.7.jar:/Users/mohammadislam/.m2/repository/mysql/mysql-connector-java/8.0.21/mysql-connector-java-8.0.21.jar:/Users/mohammadislam/.m2/repository/com/google/protobuf/protobuf-java/3.11.4/protobuf-java-3.11.4.jar:/Users/mohammadislam/.m2/repository/org/apache/poi/poi/4.1.2/poi-4.1.2.jar:/Users/mohammadislam/.m2/repository/commons-codec/commons-codec/1.13/commons-codec-1.13.jar:/Users/mohammadislam/.m2/repository/org/apache/commons/commons-collections4/4.4/commons-collections4-4.4.jar:/Users/mohammadislam/.m2/repository/org/apache/commons/commons-math3/3.6.1/commons-math3-3.6.1.jar:/Users/mohammadislam/.m2/repository/com/zaxxer/SparseBitSet/1.2/SparseBitSet-1.2.jar:/Users/mohammadislam/.m2/repository/org/apache/poi/poi-ooxml/4.1.2/poi-ooxml-4.1.2.jar:/Users/mohammadislam/.m2/repository/org/apache/poi/poi-ooxml-schemas/4.1.2/poi-ooxml-schemas-4.1.2.jar:/Users/mohammadislam/.m2/repository/org/apache/xmlbeans/xmlbeans/3.1.0/xmlbeans-3.1.0.jar:/Users/mohammadislam/.m2/repository/org/apache/commons/commons-compress/1.19/commons-compress-1.19.jar:/Users/mohammadislam/.m2/repository/com/github/virtuald/curvesapi/1.06/curvesapi-1.06.jar:/Users/mohammadislam/.m2/repository/com/aventstack/extentreports/5.0.3/extentreports-5.0.3.jar:/Users/mohammadislam/.m2/repository/io/reactivex/rxjava3/rxjava/3.0.4/rxjava-3.0.4.jar:/Users/mohammadislam/.m2/repository/org/reactivestreams/reactive-streams/1.0.3/reactive-streams-1.0.3.jar:/Users/mohammadislam/.m2/repository/org/freemarker/freemarker/2.3.30/freemarker-2.3.30.jar:/Users/mohammadislam/.m2/repository/org/projectlombok/lombok/1.18.12/lombok-1.18.12.jar:/Users/mohammadislam/.m2/repository/com/relevantcodes/extentreports/2.41.2/extentreports-2.41.2.jar:/Users/mohammadislam/.m2/repository/org/xerial/sqlite-jdbc/3.8.11.1/sqlite-jdbc-3.8.11.1.jar:/Users/mohammadislam/.m2/repository/org/mongodb/mongodb-driver/3.0.4/mongodb-driver-3.0.4.jar:/Users/mohammadislam/.m2/repository/org/mongodb/bson/3.0.4/bson-3.0.4.jar:/Users/mohammadislam/.m2/repository/org/mongodb/mongodb-driver-core/3.0.4/mongodb-driver-core-3.0.4.jar:/Users/mohammadislam/.m2/repository/org/apache/commons/commons-lang3/3.11/commons-lang3-3.11.jar:/Users/mohammadislam/.m2/repository/commons-io/commons-io/2.7/commons-io-2.7.jar:"/>
    <property name="sun.cpu.endian" value="little"/>
    <property name="user.home" value="/Users/mohammadislam"/>
    <property name="user.language" value="en"/>
    <property name="java.specification.vendor" value="Oracle Corporation"/>
    <property name="java.version.date" value="2020-04-14"/>
    <property name="java.home" value="/Library/Java/JavaVirtualMachines/jdk-11.0.7.jdk/Contents/Home"/>
    <property name="file.separator" value="/"/>
    <property name="basedir" value="/Users/mohammadislam/IdeaProjects/WebAutomationFrameWorkSelenium_Team2/TargetEcommerce"/>
    <property name="java.vm.compressedOopsMode" value="Zero based"/>
    <property name="line.separator" value="&#10;"/>
    <property name="java.specification.name" value="Java Platform API Specification"/>
    <property name="java.vm.specification.vendor" value="Oracle Corporation"/>
    <property name="java.awt.graphicsenv" value="sun.awt.CGraphicsEnvironment"/>
    <property name="surefire.real.class.path" value="/Users/mohammadislam/IdeaProjects/WebAutomationFrameWorkSelenium_Team2/TargetEcommerce/target/surefire/surefirebooter6889029714295376274.jar"/>
    <property name="idea.version2020.1.4" value="true"/>
    <property name="sun.management.compiler" value="HotSpot 64-Bit Tiered Compilers"/>
    <property name="ftp.nonProxyHosts" value="local|*.local|169.254/16|*.169.254/16"/>
    <property name="java.runtime.version" value="11.0.7+8-LTS"/>
    <property name="user.name" value="mohammadislam"/>
    <property name="path.separator" value=":"/>
    <property name="os.version" value="10.15.6"/>
    <property name="java.runtime.name" value="Java(TM) SE Runtime Environment"/>
    <property name="file.encoding" value="UTF-8"/>
    <property name="java.vm.name" value="Java HotSpot(TM) 64-Bit Server VM"/>
    <property name="java.vendor.version" value="18.9"/>
    <property name="localRepository" value="/Users/mohammadislam/.m2/repository"/>
    <property name="java.vendor.url.bug" value="https://bugreport.java.com/bugreport/"/>
    <property name="java.io.tmpdir" value="/var/folders/b7/lgzywp995gd8mjdb9fdkctzr0000gn/T/"/>
    <property name="java.version" value="11.0.7"/>
    <property name="user.dir" value="/Users/mohammadislam/IdeaProjects/WebAutomationFrameWorkSelenium_Team2/TargetEcommerce"/>
    <property name="os.arch" value="x86_64"/>
    <property name="java.vm.specification.name" value="Java Virtual Machine Specification"/>
    <property name="java.awt.printerjob" value="sun.lwawt.macosx.CPrinterJob"/>
    <property name="sun.os.patch.level" value="unknown"/>
    <property name="java.library.path" value="/Users/mohammadislam/Library/Java/Extensions:/Library/Java/Extensions:/Network/Library/Java/Extensions:/System/Library/Java/Extensions:/usr/lib/java:."/>
    <property name="java.vendor" value="Oracle Corporation"/>
    <property name="java.vm.info" value="mixed mode"/>
    <property name="java.vm.version" value="11.0.7+8-LTS"/>
    <property name="sun.io.unicode.encoding" value="UnicodeBig"/>
    <property name="java.class.version" value="55.0"/>
    <property name="socksNonProxyHosts" value="local|*.local|169.254/16|*.169.254/16"/>
  </properties>
  <testcase name="testGcpGiftCardForSchShoBagLogoIsDisplay" classname="testhome.GiftCardPageTest" time="10.11">
    <failure message="no such element: Unable to locate element: {&quot;method&quot;:&quot;xpath&quot;,&quot;selector&quot;:&quot;//a[@class=&apos;Link-sc-1khjl8b-0 kPdxNk&apos;][contains(text(),&apos;Gift Cards&apos;)]&quot;}&#10;  (Session info: chrome=85.0.4183.121)&#10;For documentation on this error, please visit: https://www.seleniumhq.org/exceptions/no_such_element.html&#10;Build info: version: &apos;3.141.59&apos;, revision: &apos;e82be7d358&apos;, time: &apos;2018-11-14T08:17:03&apos;&#10;System info: host: &apos;Mizans-MacBook-Pro.local&apos;, ip: &apos;2604:2000:6087:cf00:906b:7f1d:5bf9:2341%en0&apos;, os.name: &apos;Mac OS X&apos;, os.arch: &apos;x86_64&apos;, os.version: &apos;10.15.6&apos;, java.version: &apos;11.0.7&apos;&#10;Driver info: org.openqa.selenium.chrome.ChromeDriver&#10;Capabilities {acceptInsecureCerts: false, browserName: chrome, browserVersion: 85.0.4183.121, chrome: {chromedriverVersion: 85.0.4183.87 (cd6713ebf92fa..., userDataDir: /var/folders/b7/lgzywp995gd...}, goog:chromeOptions: {debuggerAddress: localhost:53699}, javascriptEnabled: true, networkConnectionEnabled: false, pageLoadStrategy: normal, platform: MAC, platformName: MAC, proxy: Proxy(), setWindowRect: true, strictFileInteractability: false, timeouts: {implicit: 0, pageLoad: 300000, script: 30000}, unhandledPromptBehavior: dismiss and notify, webauthn:virtualAuthenticators: true}&#10;Session ID: 890bc7eff86c6c576623f697535d4012&#10;*** Element info: {Using=xpath, value=//a[@class=&apos;Link-sc-1khjl8b-0 kPdxNk&apos;][contains(text(),&apos;Gift Cards&apos;)]}" type="org.openqa.selenium.NoSuchElementException"><![CDATA[org.openqa.selenium.NoSuchElementException: 
no such element: Unable to locate element: {"method":"xpath","selector":"//a[@class='Link-sc-1khjl8b-0 kPdxNk'][contains(text(),'Gift Cards')]"}
  (Session info: chrome=85.0.4183.121)
For documentation on this error, please visit: https://www.seleniumhq.org/exceptions/no_such_element.html
Build info: version: '3.141.59', revision: 'e82be7d358', time: '2018-11-14T08:17:03'
System info: host: 'Mizans-MacBook-Pro.local', ip: '2604:2000:6087:cf00:906b:7f1d:5bf9:2341%en0', os.name: 'Mac OS X', os.arch: 'x86_64', os.version: '10.15.6', java.version: '11.0.7'
Driver info: org.openqa.selenium.chrome.ChromeDriver
Capabilities {acceptInsecureCerts: false, browserName: chrome, browserVersion: 85.0.4183.121, chrome: {chromedriverVersion: 85.0.4183.87 (cd6713ebf92fa..., userDataDir: /var/folders/b7/lgzywp995gd...}, goog:chromeOptions: {debuggerAddress: localhost:53699}, javascriptEnabled: true, networkConnectionEnabled: false, pageLoadStrategy: normal, platform: MAC, platformName: MAC, proxy: Proxy(), setWindowRect: true, strictFileInteractability: false, timeouts: {implicit: 0, pageLoad: 300000, script: 30000}, unhandledPromptBehavior: dismiss and notify, webauthn:virtualAuthenticators: true}
Session ID: 890bc7eff86c6c576623f697535d4012
*** Element info: {Using=xpath, value=//a[@class='Link-sc-1khjl8b-0 kPdxNk'][contains(text(),'Gift Cards')]}
	at testhome.GiftCardPageTest.testGcpGiftCardForSchShoBagLogoIsDisplay(GiftCardPageTest.java:41)
]]></failure>
    <system-out><![CDATA[Extent Report Directory/Users/mohammadislam/IdeaProjects/WebAutomationFrameWorkSelenium_Team2/TargetEcommerce/target/surefire-reports/html
]]></system-out>
    <system-err><![CDATA[Starting ChromeDriver 85.0.4183.87 (cd6713ebf92fa1cacc0f1a598df280093af0c5d7-refs/branch-heads/4183@{#1689}) on port 32237
Only local connections are allowed.
Please see https://chromedriver.chromium.org/security-considerations for suggestions on keeping ChromeDriver safe.
ChromeDriver was started successfully.
Sep 26, 2020 3:17:44 AM org.openqa.selenium.remote.ProtocolHandshake createSession
INFO: Detected dialect: W3C
]]></system-err>
  </testcase>
  <testcase name="testGcpGiftCardForSchoolShoppingBagLogo" classname="testhome.GiftCardPageTest" time="10.047">
    <failure message="no such element: Unable to locate element: {&quot;method&quot;:&quot;xpath&quot;,&quot;selector&quot;:&quot;//a[@class=&apos;Link-sc-1khjl8b-0 kPdxNk&apos;][contains(text(),&apos;Gift Cards&apos;)]&quot;}&#10;  (Session info: chrome=85.0.4183.121)&#10;For documentation on this error, please visit: https://www.seleniumhq.org/exceptions/no_such_element.html&#10;Build info: version: &apos;3.141.59&apos;, revision: &apos;e82be7d358&apos;, time: &apos;2018-11-14T08:17:03&apos;&#10;System info: host: &apos;Mizans-MacBook-Pro.local&apos;, ip: &apos;2604:2000:6087:cf00:906b:7f1d:5bf9:2341%en0&apos;, os.name: &apos;Mac OS X&apos;, os.arch: &apos;x86_64&apos;, os.version: &apos;10.15.6&apos;, java.version: &apos;11.0.7&apos;&#10;Driver info: org.openqa.selenium.chrome.ChromeDriver&#10;Capabilities {acceptInsecureCerts: false, browserName: chrome, browserVersion: 85.0.4183.121, chrome: {chromedriverVersion: 85.0.4183.87 (cd6713ebf92fa..., userDataDir: /var/folders/b7/lgzywp995gd...}, goog:chromeOptions: {debuggerAddress: localhost:53764}, javascriptEnabled: true, networkConnectionEnabled: false, pageLoadStrategy: normal, platform: MAC, platformName: MAC, proxy: Proxy(), setWindowRect: true, strictFileInteractability: false, timeouts: {implicit: 0, pageLoad: 300000, script: 30000}, unhandledPromptBehavior: dismiss and notify, webauthn:virtualAuthenticators: true}&#10;Session ID: 892347da590a072dc2ea15b6edd4e929&#10;*** Element info: {Using=xpath, value=//a[@class=&apos;Link-sc-1khjl8b-0 kPdxNk&apos;][contains(text(),&apos;Gift Cards&apos;)]}" type="org.openqa.selenium.NoSuchElementException"><![CDATA[org.openqa.selenium.NoSuchElementException: 
no such element: Unable to locate element: {"method":"xpath","selector":"//a[@class='Link-sc-1khjl8b-0 kPdxNk'][contains(text(),'Gift Cards')]"}
  (Session info: chrome=85.0.4183.121)
For documentation on this error, please visit: https://www.seleniumhq.org/exceptions/no_such_element.html
Build info: version: '3.141.59', revision: 'e82be7d358', time: '2018-11-14T08:17:03'
System info: host: 'Mizans-MacBook-Pro.local', ip: '2604:2000:6087:cf00:906b:7f1d:5bf9:2341%en0', os.name: 'Mac OS X', os.arch: 'x86_64', os.version: '10.15.6', java.version: '11.0.7'
Driver info: org.openqa.selenium.chrome.ChromeDriver
Capabilities {acceptInsecureCerts: false, browserName: chrome, browserVersion: 85.0.4183.121, chrome: {chromedriverVersion: 85.0.4183.87 (cd6713ebf92fa..., userDataDir: /var/folders/b7/lgzywp995gd...}, goog:chromeOptions: {debuggerAddress: localhost:53764}, javascriptEnabled: true, networkConnectionEnabled: false, pageLoadStrategy: normal, platform: MAC, platformName: MAC, proxy: Proxy(), setWindowRect: true, strictFileInteractability: false, timeouts: {implicit: 0, pageLoad: 300000, script: 30000}, unhandledPromptBehavior: dismiss and notify, webauthn:virtualAuthenticators: true}
Session ID: 892347da590a072dc2ea15b6edd4e929
*** Element info: {Using=xpath, value=//a[@class='Link-sc-1khjl8b-0 kPdxNk'][contains(text(),'Gift Cards')]}
	at testhome.GiftCardPageTest.testGcpGiftCardForSchoolShoppingBagLogo(GiftCardPageTest.java:45)
]]></failure>
    <system-out><![CDATA[Screenshot captured
]]></system-out>
    <system-err><![CDATA[Starting ChromeDriver 85.0.4183.87 (cd6713ebf92fa1cacc0f1a598df280093af0c5d7-refs/branch-heads/4183@{#1689}) on port 48257
Only local connections are allowed.
Please see https://chromedriver.chromium.org/security-considerations for suggestions on keeping ChromeDriver safe.
ChromeDriver was started successfully.
Sep 26, 2020 3:18:01 AM org.openqa.selenium.remote.ProtocolHandshake createSession
INFO: Detected dialect: W3C
]]></system-err>
  </testcase>
  <testcase name="testGcpGiftForSchoolChooseOption" classname="testhome.GiftCardPageTest" time="10.171">
    <failure message="no such element: Unable to locate element: {&quot;method&quot;:&quot;xpath&quot;,&quot;selector&quot;:&quot;//a[@class=&apos;Link-sc-1khjl8b-0 kPdxNk&apos;][contains(text(),&apos;Gift Cards&apos;)]&quot;}&#10;  (Session info: chrome=85.0.4183.121)&#10;For documentation on this error, please visit: https://www.seleniumhq.org/exceptions/no_such_element.html&#10;Build info: version: &apos;3.141.59&apos;, revision: &apos;e82be7d358&apos;, time: &apos;2018-11-14T08:17:03&apos;&#10;System info: host: &apos;Mizans-MacBook-Pro.local&apos;, ip: &apos;2604:2000:6087:cf00:906b:7f1d:5bf9:2341%en0&apos;, os.name: &apos;Mac OS X&apos;, os.arch: &apos;x86_64&apos;, os.version: &apos;10.15.6&apos;, java.version: &apos;11.0.7&apos;&#10;Driver info: org.openqa.selenium.chrome.ChromeDriver&#10;Capabilities {acceptInsecureCerts: false, browserName: chrome, browserVersion: 85.0.4183.121, chrome: {chromedriverVersion: 85.0.4183.87 (cd6713ebf92fa..., userDataDir: /var/folders/b7/lgzywp995gd...}, goog:chromeOptions: {debuggerAddress: localhost:53824}, javascriptEnabled: true, networkConnectionEnabled: false, pageLoadStrategy: normal, platform: MAC, platformName: MAC, proxy: Proxy(), setWindowRect: true, strictFileInteractability: false, timeouts: {implicit: 0, pageLoad: 300000, script: 30000}, unhandledPromptBehavior: dismiss and notify, webauthn:virtualAuthenticators: true}&#10;Session ID: edfe899e63b2a87c92d5a99df9b3905a&#10;*** Element info: {Using=xpath, value=//a[@class=&apos;Link-sc-1khjl8b-0 kPdxNk&apos;][contains(text(),&apos;Gift Cards&apos;)]}" type="org.openqa.selenium.NoSuchElementException"><![CDATA[org.openqa.selenium.NoSuchElementException: 
no such element: Unable to locate element: {"method":"xpath","selector":"//a[@class='Link-sc-1khjl8b-0 kPdxNk'][contains(text(),'Gift Cards')]"}
  (Session info: chrome=85.0.4183.121)
For documentation on this error, please visit: https://www.seleniumhq.org/exceptions/no_such_element.html
Build info: version: '3.141.59', revision: 'e82be7d358', time: '2018-11-14T08:17:03'
System info: host: 'Mizans-MacBook-Pro.local', ip: '2604:2000:6087:cf00:906b:7f1d:5bf9:2341%en0', os.name: 'Mac OS X', os.arch: 'x86_64', os.version: '10.15.6', java.version: '11.0.7'
Driver info: org.openqa.selenium.chrome.ChromeDriver
Capabilities {acceptInsecureCerts: false, browserName: chrome, browserVersion: 85.0.4183.121, chrome: {chromedriverVersion: 85.0.4183.87 (cd6713ebf92fa..., userDataDir: /var/folders/b7/lgzywp995gd...}, goog:chromeOptions: {debuggerAddress: localhost:53824}, javascriptEnabled: true, networkConnectionEnabled: false, pageLoadStrategy: normal, platform: MAC, platformName: MAC, proxy: Proxy(), setWindowRect: true, strictFileInteractability: false, timeouts: {implicit: 0, pageLoad: 300000, script: 30000}, unhandledPromptBehavior: dismiss and notify, webauthn:virtualAuthenticators: true}
Session ID: edfe899e63b2a87c92d5a99df9b3905a
*** Element info: {Using=xpath, value=//a[@class='Link-sc-1khjl8b-0 kPdxNk'][contains(text(),'Gift Cards')]}
	at testhome.GiftCardPageTest.testGcpGiftForSchoolChooseOption(GiftCardPageTest.java:50)
]]></failure>
    <system-out><![CDATA[Screenshot captured
]]></system-out>
    <system-err><![CDATA[Starting ChromeDriver 85.0.4183.87 (cd6713ebf92fa1cacc0f1a598df280093af0c5d7-refs/branch-heads/4183@{#1689}) on port 26272
Only local connections are allowed.
Please see https://chromedriver.chromium.org/security-considerations for suggestions on keeping ChromeDriver safe.
ChromeDriver was started successfully.
Sep 26, 2020 3:18:18 AM org.openqa.selenium.remote.ProtocolHandshake createSession
INFO: Detected dialect: W3C
]]></system-err>
  </testcase>
  <testcase name="testGcpShiptButtonIsClickable" classname="testhome.GiftCardPageTest" time="10.13">
    <failure message="no such element: Unable to locate element: {&quot;method&quot;:&quot;xpath&quot;,&quot;selector&quot;:&quot;//a[@class=&apos;Link-sc-1khjl8b-0 kPdxNk&apos;][contains(text(),&apos;Gift Cards&apos;)]&quot;}&#10;  (Session info: chrome=85.0.4183.121)&#10;For documentation on this error, please visit: https://www.seleniumhq.org/exceptions/no_such_element.html&#10;Build info: version: &apos;3.141.59&apos;, revision: &apos;e82be7d358&apos;, time: &apos;2018-11-14T08:17:03&apos;&#10;System info: host: &apos;Mizans-MacBook-Pro.local&apos;, ip: &apos;2604:2000:6087:cf00:906b:7f1d:5bf9:2341%en0&apos;, os.name: &apos;Mac OS X&apos;, os.arch: &apos;x86_64&apos;, os.version: &apos;10.15.6&apos;, java.version: &apos;11.0.7&apos;&#10;Driver info: org.openqa.selenium.chrome.ChromeDriver&#10;Capabilities {acceptInsecureCerts: false, browserName: chrome, browserVersion: 85.0.4183.121, chrome: {chromedriverVersion: 85.0.4183.87 (cd6713ebf92fa..., userDataDir: /var/folders/b7/lgzywp995gd...}, goog:chromeOptions: {debuggerAddress: localhost:53892}, javascriptEnabled: true, networkConnectionEnabled: false, pageLoadStrategy: normal, platform: MAC, platformName: MAC, proxy: Proxy(), setWindowRect: true, strictFileInteractability: false, timeouts: {implicit: 0, pageLoad: 300000, script: 30000}, unhandledPromptBehavior: dismiss and notify, webauthn:virtualAuthenticators: true}&#10;Session ID: 1a3da9627a410728c685b35d4f0c8df0&#10;*** Element info: {Using=xpath, value=//a[@class=&apos;Link-sc-1khjl8b-0 kPdxNk&apos;][contains(text(),&apos;Gift Cards&apos;)]}" type="org.openqa.selenium.NoSuchElementException"><![CDATA[org.openqa.selenium.NoSuchElementException: 
no such element: Unable to locate element: {"method":"xpath","selector":"//a[@class='Link-sc-1khjl8b-0 kPdxNk'][contains(text(),'Gift Cards')]"}
  (Session info: chrome=85.0.4183.121)
For documentation on this error, please visit: https://www.seleniumhq.org/exceptions/no_such_element.html
Build info: version: '3.141.59', revision: 'e82be7d358', time: '2018-11-14T08:17:03'
System info: host: 'Mizans-MacBook-Pro.local', ip: '2604:2000:6087:cf00:906b:7f1d:5bf9:2341%en0', os.name: 'Mac OS X', os.arch: 'x86_64', os.version: '10.15.6', java.version: '11.0.7'
Driver info: org.openqa.selenium.chrome.ChromeDriver
Capabilities {acceptInsecureCerts: false, browserName: chrome, browserVersion: 85.0.4183.121, chrome: {chromedriverVersion: 85.0.4183.87 (cd6713ebf92fa..., userDataDir: /var/folders/b7/lgzywp995gd...}, goog:chromeOptions: {debuggerAddress: localhost:53892}, javascriptEnabled: true, networkConnectionEnabled: false, pageLoadStrategy: normal, platform: MAC, platformName: MAC, proxy: Proxy(), setWindowRect: true, strictFileInteractability: false, timeouts: {implicit: 0, pageLoad: 300000, script: 30000}, unhandledPromptBehavior: dismiss and notify, webauthn:virtualAuthenticators: true}
Session ID: 1a3da9627a410728c685b35d4f0c8df0
*** Element info: {Using=xpath, value=//a[@class='Link-sc-1khjl8b-0 kPdxNk'][contains(text(),'Gift Cards')]}
	at testhome.GiftCardPageTest.testGcpShiptButtonIsClickable(GiftCardPageTest.java:36)
]]></failure>
    <system-out><![CDATA[Screenshot captured
]]></system-out>
    <system-err><![CDATA[Starting ChromeDriver 85.0.4183.87 (cd6713ebf92fa1cacc0f1a598df280093af0c5d7-refs/branch-heads/4183@{#1689}) on port 29982
Only local connections are allowed.
Please see https://chromedriver.chromium.org/security-considerations for suggestions on keeping ChromeDriver safe.
ChromeDriver was started successfully.
Sep 26, 2020 3:18:35 AM org.openqa.selenium.remote.ProtocolHandshake createSession
INFO: Detected dialect: W3C
]]></system-err>
  </testcase>
  <testcase name="testGcpShiptButtonIsDisplay" classname="testhome.GiftCardPageTest" time="10.062">
    <failure message="no such element: Unable to locate element: {&quot;method&quot;:&quot;xpath&quot;,&quot;selector&quot;:&quot;//a[@class=&apos;Link-sc-1khjl8b-0 kPdxNk&apos;][contains(text(),&apos;Gift Cards&apos;)]&quot;}&#10;  (Session info: chrome=85.0.4183.121)&#10;For documentation on this error, please visit: https://www.seleniumhq.org/exceptions/no_such_element.html&#10;Build info: version: &apos;3.141.59&apos;, revision: &apos;e82be7d358&apos;, time: &apos;2018-11-14T08:17:03&apos;&#10;System info: host: &apos;Mizans-MacBook-Pro.local&apos;, ip: &apos;2604:2000:6087:cf00:906b:7f1d:5bf9:2341%en0&apos;, os.name: &apos;Mac OS X&apos;, os.arch: &apos;x86_64&apos;, os.version: &apos;10.15.6&apos;, java.version: &apos;11.0.7&apos;&#10;Driver info: org.openqa.selenium.chrome.ChromeDriver&#10;Capabilities {acceptInsecureCerts: false, browserName: chrome, browserVersion: 85.0.4183.121, chrome: {chromedriverVersion: 85.0.4183.87 (cd6713ebf92fa..., userDataDir: /var/folders/b7/lgzywp995gd...}, goog:chromeOptions: {debuggerAddress: localhost:53949}, javascriptEnabled: true, networkConnectionEnabled: false, pageLoadStrategy: normal, platform: MAC, platformName: MAC, proxy: Proxy(), setWindowRect: true, strictFileInteractability: false, timeouts: {implicit: 0, pageLoad: 300000, script: 30000}, unhandledPromptBehavior: dismiss and notify, webauthn:virtualAuthenticators: true}&#10;Session ID: e9d8839848d49b58e9a97a94bd16f560&#10;*** Element info: {Using=xpath, value=//a[@class=&apos;Link-sc-1khjl8b-0 kPdxNk&apos;][contains(text(),&apos;Gift Cards&apos;)]}" type="org.openqa.selenium.NoSuchElementException"><![CDATA[org.openqa.selenium.NoSuchElementException: 
no such element: Unable to locate element: {"method":"xpath","selector":"//a[@class='Link-sc-1khjl8b-0 kPdxNk'][contains(text(),'Gift Cards')]"}
  (Session info: chrome=85.0.4183.121)
For documentation on this error, please visit: https://www.seleniumhq.org/exceptions/no_such_element.html
Build info: version: '3.141.59', revision: 'e82be7d358', time: '2018-11-14T08:17:03'
System info: host: 'Mizans-MacBook-Pro.local', ip: '2604:2000:6087:cf00:906b:7f1d:5bf9:2341%en0', os.name: 'Mac OS X', os.arch: 'x86_64', os.version: '10.15.6', java.version: '11.0.7'
Driver info: org.openqa.selenium.chrome.ChromeDriver
Capabilities {acceptInsecureCerts: false, browserName: chrome, browserVersion: 85.0.4183.121, chrome: {chromedriverVersion: 85.0.4183.87 (cd6713ebf92fa..., userDataDir: /var/folders/b7/lgzywp995gd...}, goog:chromeOptions: {debuggerAddress: localhost:53949}, javascriptEnabled: true, networkConnectionEnabled: false, pageLoadStrategy: normal, platform: MAC, platformName: MAC, proxy: Proxy(), setWindowRect: true, strictFileInteractability: false, timeouts: {implicit: 0, pageLoad: 300000, script: 30000}, unhandledPromptBehavior: dismiss and notify, webauthn:virtualAuthenticators: true}
Session ID: e9d8839848d49b58e9a97a94bd16f560
*** Element info: {Using=xpath, value=//a[@class='Link-sc-1khjl8b-0 kPdxNk'][contains(text(),'Gift Cards')]}
	at testhome.GiftCardPageTest.testGcpShiptButtonIsDisplay(GiftCardPageTest.java:32)
]]></failure>
    <system-out><![CDATA[Screenshot captured
]]></system-out>
    <system-err><![CDATA[Starting ChromeDriver 85.0.4183.87 (cd6713ebf92fa1cacc0f1a598df280093af0c5d7-refs/branch-heads/4183@{#1689}) on port 2254
Only local connections are allowed.
Please see https://chromedriver.chromium.org/security-considerations for suggestions on keeping ChromeDriver safe.
ChromeDriver was started successfully.
Sep 26, 2020 3:18:50 AM org.openqa.selenium.remote.ProtocolHandshake createSession
INFO: Detected dialect: W3C
]]></system-err>
  </testcase>
  <testcase name="testGcpShiptImageIsClickAble" classname="testhome.GiftCardPageTest" time="10.09">
    <failure message="no such element: Unable to locate element: {&quot;method&quot;:&quot;xpath&quot;,&quot;selector&quot;:&quot;//a[@class=&apos;Link-sc-1khjl8b-0 kPdxNk&apos;][contains(text(),&apos;Gift Cards&apos;)]&quot;}&#10;  (Session info: chrome=85.0.4183.121)&#10;For documentation on this error, please visit: https://www.seleniumhq.org/exceptions/no_such_element.html&#10;Build info: version: &apos;3.141.59&apos;, revision: &apos;e82be7d358&apos;, time: &apos;2018-11-14T08:17:03&apos;&#10;System info: host: &apos;Mizans-MacBook-Pro.local&apos;, ip: &apos;2604:2000:6087:cf00:906b:7f1d:5bf9:2341%en0&apos;, os.name: &apos;Mac OS X&apos;, os.arch: &apos;x86_64&apos;, os.version: &apos;10.15.6&apos;, java.version: &apos;11.0.7&apos;&#10;Driver info: org.openqa.selenium.chrome.ChromeDriver&#10;Capabilities {acceptInsecureCerts: false, browserName: chrome, browserVersion: 85.0.4183.121, chrome: {chromedriverVersion: 85.0.4183.87 (cd6713ebf92fa..., userDataDir: /var/folders/b7/lgzywp995gd...}, goog:chromeOptions: {debuggerAddress: localhost:54010}, javascriptEnabled: true, networkConnectionEnabled: false, pageLoadStrategy: normal, platform: MAC, platformName: MAC, proxy: Proxy(), setWindowRect: true, strictFileInteractability: false, timeouts: {implicit: 0, pageLoad: 300000, script: 30000}, unhandledPromptBehavior: dismiss and notify, webauthn:virtualAuthenticators: true}&#10;Session ID: 4630111149194f1ad2335eabcef5569b&#10;*** Element info: {Using=xpath, value=//a[@class=&apos;Link-sc-1khjl8b-0 kPdxNk&apos;][contains(text(),&apos;Gift Cards&apos;)]}" type="org.openqa.selenium.NoSuchElementException"><![CDATA[org.openqa.selenium.NoSuchElementException: 
no such element: Unable to locate element: {"method":"xpath","selector":"//a[@class='Link-sc-1khjl8b-0 kPdxNk'][contains(text(),'Gift Cards')]"}
  (Session info: chrome=85.0.4183.121)
For documentation on this error, please visit: https://www.seleniumhq.org/exceptions/no_such_element.html
Build info: version: '3.141.59', revision: 'e82be7d358', time: '2018-11-14T08:17:03'
System info: host: 'Mizans-MacBook-Pro.local', ip: '2604:2000:6087:cf00:906b:7f1d:5bf9:2341%en0', os.name: 'Mac OS X', os.arch: 'x86_64', os.version: '10.15.6', java.version: '11.0.7'
Driver info: org.openqa.selenium.chrome.ChromeDriver
Capabilities {acceptInsecureCerts: false, browserName: chrome, browserVersion: 85.0.4183.121, chrome: {chromedriverVersion: 85.0.4183.87 (cd6713ebf92fa..., userDataDir: /var/folders/b7/lgzywp995gd...}, goog:chromeOptions: {debuggerAddress: localhost:54010}, javascriptEnabled: true, networkConnectionEnabled: false, pageLoadStrategy: normal, platform: MAC, platformName: MAC, proxy: Proxy(), setWindowRect: true, strictFileInteractability: false, timeouts: {implicit: 0, pageLoad: 300000, script: 30000}, unhandledPromptBehavior: dismiss and notify, webauthn:virtualAuthenticators: true}
Session ID: 4630111149194f1ad2335eabcef5569b
*** Element info: {Using=xpath, value=//a[@class='Link-sc-1khjl8b-0 kPdxNk'][contains(text(),'Gift Cards')]}
	at testhome.GiftCardPageTest.testGcpShiptImageIsClickAble(GiftCardPageTest.java:27)
]]></failure>
    <system-out><![CDATA[Screenshot captured
]]></system-out>
    <system-err><![CDATA[Starting ChromeDriver 85.0.4183.87 (cd6713ebf92fa1cacc0f1a598df280093af0c5d7-refs/branch-heads/4183@{#1689}) on port 15227
Only local connections are allowed.
Please see https://chromedriver.chromium.org/security-considerations for suggestions on keeping ChromeDriver safe.
ChromeDriver was started successfully.
Sep 26, 2020 3:19:06 AM org.openqa.selenium.remote.ProtocolHandshake createSession
INFO: Detected dialect: W3C
]]></system-err>
  </testcase>
  <testcase name="testGiftCardButton" classname="testhome.GiftCardPageTest" time="10.038">
    <failure message="no such element: Unable to locate element: {&quot;method&quot;:&quot;xpath&quot;,&quot;selector&quot;:&quot;//a[@class=&apos;Link-sc-1khjl8b-0 kPdxNk&apos;][contains(text(),&apos;Gift Cards&apos;)]&quot;}&#10;  (Session info: chrome=85.0.4183.121)&#10;For documentation on this error, please visit: https://www.seleniumhq.org/exceptions/no_such_element.html&#10;Build info: version: &apos;3.141.59&apos;, revision: &apos;e82be7d358&apos;, time: &apos;2018-11-14T08:17:03&apos;&#10;System info: host: &apos;Mizans-MacBook-Pro.local&apos;, ip: &apos;2604:2000:6087:cf00:906b:7f1d:5bf9:2341%en0&apos;, os.name: &apos;Mac OS X&apos;, os.arch: &apos;x86_64&apos;, os.version: &apos;10.15.6&apos;, java.version: &apos;11.0.7&apos;&#10;Driver info: org.openqa.selenium.chrome.ChromeDriver&#10;Capabilities {acceptInsecureCerts: false, browserName: chrome, browserVersion: 85.0.4183.121, chrome: {chromedriverVersion: 85.0.4183.87 (cd6713ebf92fa..., userDataDir: /var/folders/b7/lgzywp995gd...}, goog:chromeOptions: {debuggerAddress: localhost:54072}, javascriptEnabled: true, networkConnectionEnabled: false, pageLoadStrategy: normal, platform: MAC, platformName: MAC, proxy: Proxy(), setWindowRect: true, strictFileInteractability: false, timeouts: {implicit: 0, pageLoad: 300000, script: 30000}, unhandledPromptBehavior: dismiss and notify, webauthn:virtualAuthenticators: true}&#10;Session ID: 46b2ddc41b2f4a16921479f1854b71e0&#10;*** Element info: {Using=xpath, value=//a[@class=&apos;Link-sc-1khjl8b-0 kPdxNk&apos;][contains(text(),&apos;Gift Cards&apos;)]}" type="org.openqa.selenium.NoSuchElementException"><![CDATA[org.openqa.selenium.NoSuchElementException: 
no such element: Unable to locate element: {"method":"xpath","selector":"//a[@class='Link-sc-1khjl8b-0 kPdxNk'][contains(text(),'Gift Cards')]"}
  (Session info: chrome=85.0.4183.121)
For documentation on this error, please visit: https://www.seleniumhq.org/exceptions/no_such_element.html
Build info: version: '3.141.59', revision: 'e82be7d358', time: '2018-11-14T08:17:03'
System info: host: 'Mizans-MacBook-Pro.local', ip: '2604:2000:6087:cf00:906b:7f1d:5bf9:2341%en0', os.name: 'Mac OS X', os.arch: 'x86_64', os.version: '10.15.6', java.version: '11.0.7'
Driver info: org.openqa.selenium.chrome.ChromeDriver
Capabilities {acceptInsecureCerts: false, browserName: chrome, browserVersion: 85.0.4183.121, chrome: {chromedriverVersion: 85.0.4183.87 (cd6713ebf92fa..., userDataDir: /var/folders/b7/lgzywp995gd...}, goog:chromeOptions: {debuggerAddress: localhost:54072}, javascriptEnabled: true, networkConnectionEnabled: false, pageLoadStrategy: normal, platform: MAC, platformName: MAC, proxy: Proxy(), setWindowRect: true, strictFileInteractability: false, timeouts: {implicit: 0, pageLoad: 300000, script: 30000}, unhandledPromptBehavior: dismiss and notify, webauthn:virtualAuthenticators: true}
Session ID: 46b2ddc41b2f4a16921479f1854b71e0
*** Element info: {Using=xpath, value=//a[@class='Link-sc-1khjl8b-0 kPdxNk'][contains(text(),'Gift Cards')]}
	at testhome.GiftCardPageTest.testGiftCardButton(GiftCardPageTest.java:17)
]]></failure>
    <system-out><![CDATA[Screenshot captured
]]></system-out>
    <system-err><![CDATA[Starting ChromeDriver 85.0.4183.87 (cd6713ebf92fa1cacc0f1a598df280093af0c5d7-refs/branch-heads/4183@{#1689}) on port 20908
Only local connections are allowed.
Please see https://chromedriver.chromium.org/security-considerations for suggestions on keeping ChromeDriver safe.
ChromeDriver was started successfully.
Sep 26, 2020 3:19:22 AM org.openqa.selenium.remote.ProtocolHandshake createSession
INFO: Detected dialect: W3C
]]></system-err>
  </testcase>
  <testcase name="testShiptImageDisplay" classname="testhome.GiftCardPageTest" time="10.042">
    <failure message="no such element: Unable to locate element: {&quot;method&quot;:&quot;xpath&quot;,&quot;selector&quot;:&quot;//a[@class=&apos;Link-sc-1khjl8b-0 kPdxNk&apos;][contains(text(),&apos;Gift Cards&apos;)]&quot;}&#10;  (Session info: chrome=85.0.4183.121)&#10;For documentation on this error, please visit: https://www.seleniumhq.org/exceptions/no_such_element.html&#10;Build info: version: &apos;3.141.59&apos;, revision: &apos;e82be7d358&apos;, time: &apos;2018-11-14T08:17:03&apos;&#10;System info: host: &apos;Mizans-MacBook-Pro.local&apos;, ip: &apos;2604:2000:6087:cf00:906b:7f1d:5bf9:2341%en0&apos;, os.name: &apos;Mac OS X&apos;, os.arch: &apos;x86_64&apos;, os.version: &apos;10.15.6&apos;, java.version: &apos;11.0.7&apos;&#10;Driver info: org.openqa.selenium.chrome.ChromeDriver&#10;Capabilities {acceptInsecureCerts: false, browserName: chrome, browserVersion: 85.0.4183.121, chrome: {chromedriverVersion: 85.0.4183.87 (cd6713ebf92fa..., userDataDir: /var/folders/b7/lgzywp995gd...}, goog:chromeOptions: {debuggerAddress: localhost:54127}, javascriptEnabled: true, networkConnectionEnabled: false, pageLoadStrategy: normal, platform: MAC, platformName: MAC, proxy: Proxy(), setWindowRect: true, strictFileInteractability: false, timeouts: {implicit: 0, pageLoad: 300000, script: 30000}, unhandledPromptBehavior: dismiss and notify, webauthn:virtualAuthenticators: true}&#10;Session ID: 9de576a25c8d917812fcc4c2d19f21ff&#10;*** Element info: {Using=xpath, value=//a[@class=&apos;Link-sc-1khjl8b-0 kPdxNk&apos;][contains(text(),&apos;Gift Cards&apos;)]}" type="org.openqa.selenium.NoSuchElementException"><![CDATA[org.openqa.selenium.NoSuchElementException: 
no such element: Unable to locate element: {"method":"xpath","selector":"//a[@class='Link-sc-1khjl8b-0 kPdxNk'][contains(text(),'Gift Cards')]"}
  (Session info: chrome=85.0.4183.121)
For documentation on this error, please visit: https://www.seleniumhq.org/exceptions/no_such_element.html
Build info: version: '3.141.59', revision: 'e82be7d358', time: '2018-11-14T08:17:03'
System info: host: 'Mizans-MacBook-Pro.local', ip: '2604:2000:6087:cf00:906b:7f1d:5bf9:2341%en0', os.name: 'Mac OS X', os.arch: 'x86_64', os.version: '10.15.6', java.version: '11.0.7'
Driver info: org.openqa.selenium.chrome.ChromeDriver
Capabilities {acceptInsecureCerts: false, browserName: chrome, browserVersion: 85.0.4183.121, chrome: {chromedriverVersion: 85.0.4183.87 (cd6713ebf92fa..., userDataDir: /var/folders/b7/lgzywp995gd...}, goog:chromeOptions: {debuggerAddress: localhost:54127}, javascriptEnabled: true, networkConnectionEnabled: false, pageLoadStrategy: normal, platform: MAC, platformName: MAC, proxy: Proxy(), setWindowRect: true, strictFileInteractability: false, timeouts: {implicit: 0, pageLoad: 300000, script: 30000}, unhandledPromptBehavior: dismiss and notify, webauthn:virtualAuthenticators: true}
Session ID: 9de576a25c8d917812fcc4c2d19f21ff
*** Element info: {Using=xpath, value=//a[@class='Link-sc-1khjl8b-0 kPdxNk'][contains(text(),'Gift Cards')]}
	at testhome.GiftCardPageTest.testShiptImageDisplay(GiftCardPageTest.java:23)
]]></failure>
    <system-out><![CDATA[Screenshot captured
]]></system-out>
    <system-err><![CDATA[Starting ChromeDriver 85.0.4183.87 (cd6713ebf92fa1cacc0f1a598df280093af0c5d7-refs/branch-heads/4183@{#1689}) on port 39559
Only local connections are allowed.
Please see https://chromedriver.chromium.org/security-considerations for suggestions on keeping ChromeDriver safe.
ChromeDriver was started successfully.
Sep 26, 2020 3:19:38 AM org.openqa.selenium.remote.ProtocolHandshake createSession
INFO: Detected dialect: W3C
]]></system-err>
  </testcase>
  <testcase name="testCreateTargetAccount" classname="testhome.HomePageTest" time="10.151">
    <failure message="no such element: Unable to locate element: {&quot;method&quot;:&quot;xpath&quot;,&quot;selector&quot;:&quot;//span[@class=&apos;sc-AxirZ cWICNE&apos;]//div[@class=&apos;sc-AxhCb eSwYtm&apos;]//*[local-name()=&apos;svg&apos;]//*[name()=&apos;path&apos; and contains(@d,&apos;M14.063 14&apos;)]&quot;}&#10;  (Session info: chrome=85.0.4183.121)&#10;For documentation on this error, please visit: https://www.seleniumhq.org/exceptions/no_such_element.html&#10;Build info: version: &apos;3.141.59&apos;, revision: &apos;e82be7d358&apos;, time: &apos;2018-11-14T08:17:03&apos;&#10;System info: host: &apos;Mizans-MacBook-Pro.local&apos;, ip: &apos;2604:2000:6087:cf00:906b:7f1d:5bf9:2341%en0&apos;, os.name: &apos;Mac OS X&apos;, os.arch: &apos;x86_64&apos;, os.version: &apos;10.15.6&apos;, java.version: &apos;11.0.7&apos;&#10;Driver info: org.openqa.selenium.chrome.ChromeDriver&#10;Capabilities {acceptInsecureCerts: false, browserName: chrome, browserVersion: 85.0.4183.121, chrome: {chromedriverVersion: 85.0.4183.87 (cd6713ebf92fa..., userDataDir: /var/folders/b7/lgzywp995gd...}, goog:chromeOptions: {debuggerAddress: localhost:54183}, javascriptEnabled: true, networkConnectionEnabled: false, pageLoadStrategy: normal, platform: MAC, platformName: MAC, proxy: Proxy(), setWindowRect: true, strictFileInteractability: false, timeouts: {implicit: 0, pageLoad: 300000, script: 30000}, unhandledPromptBehavior: dismiss and notify, webauthn:virtualAuthenticators: true}&#10;Session ID: df758fb2191e2d0c6ebf53a8e17bc596&#10;*** Element info: {Using=xpath, value=//span[@class=&apos;sc-AxirZ cWICNE&apos;]//div[@class=&apos;sc-AxhCb eSwYtm&apos;]//*[local-name()=&apos;svg&apos;]//*[name()=&apos;path&apos; and contains(@d,&apos;M14.063 14&apos;)]}" type="org.openqa.selenium.NoSuchElementException"><![CDATA[org.openqa.selenium.NoSuchElementException: 
no such element: Unable to locate element: {"method":"xpath","selector":"//span[@class='sc-AxirZ cWICNE']//div[@class='sc-AxhCb eSwYtm']//*[local-name()='svg']//*[name()='path' and contains(@d,'M14.063 14')]"}
  (Session info: chrome=85.0.4183.121)
For documentation on this error, please visit: https://www.seleniumhq.org/exceptions/no_such_element.html
Build info: version: '3.141.59', revision: 'e82be7d358', time: '2018-11-14T08:17:03'
System info: host: 'Mizans-MacBook-Pro.local', ip: '2604:2000:6087:cf00:906b:7f1d:5bf9:2341%en0', os.name: 'Mac OS X', os.arch: 'x86_64', os.version: '10.15.6', java.version: '11.0.7'
Driver info: org.openqa.selenium.chrome.ChromeDriver
Capabilities {acceptInsecureCerts: false, browserName: chrome, browserVersion: 85.0.4183.121, chrome: {chromedriverVersion: 85.0.4183.87 (cd6713ebf92fa..., userDataDir: /var/folders/b7/lgzywp995gd...}, goog:chromeOptions: {debuggerAddress: localhost:54183}, javascriptEnabled: true, networkConnectionEnabled: false, pageLoadStrategy: normal, platform: MAC, platformName: MAC, proxy: Proxy(), setWindowRect: true, strictFileInteractability: false, timeouts: {implicit: 0, pageLoad: 300000, script: 30000}, unhandledPromptBehavior: dismiss and notify, webauthn:virtualAuthenticators: true}
Session ID: df758fb2191e2d0c6ebf53a8e17bc596
*** Element info: {Using=xpath, value=//span[@class='sc-AxirZ cWICNE']//div[@class='sc-AxhCb eSwYtm']//*[local-name()='svg']//*[name()='path' and contains(@d,'M14.063 14')]}
	at testhome.HomePageTest.testCreateTargetAccount(HomePageTest.java:31)
]]></failure>
    <system-out><![CDATA[Screenshot captured
HomePageTest: test Create Target Account
]]></system-out>
    <system-err><![CDATA[Starting ChromeDriver 85.0.4183.87 (cd6713ebf92fa1cacc0f1a598df280093af0c5d7-refs/branch-heads/4183@{#1689}) on port 23760
Only local connections are allowed.
Please see https://chromedriver.chromium.org/security-considerations for suggestions on keeping ChromeDriver safe.
ChromeDriver was started successfully.
Sep 26, 2020 3:19:53 AM org.openqa.selenium.remote.ProtocolHandshake createSession
INFO: Detected dialect: W3C
]]></system-err>
  </testcase>
  <testcase name="testCreateTargetAccountForNegativeTest" classname="testhome.HomePageTest" time="10.027">
    <failure message="no such element: Unable to locate element: {&quot;method&quot;:&quot;xpath&quot;,&quot;selector&quot;:&quot;//span[@class=&apos;sc-AxirZ cWICNE&apos;]//div[@class=&apos;sc-AxhCb eSwYtm&apos;]//*[local-name()=&apos;svg&apos;]//*[name()=&apos;path&apos; and contains(@d,&apos;M14.063 14&apos;)]&quot;}&#10;  (Session info: chrome=85.0.4183.121)&#10;For documentation on this error, please visit: https://www.seleniumhq.org/exceptions/no_such_element.html&#10;Build info: version: &apos;3.141.59&apos;, revision: &apos;e82be7d358&apos;, time: &apos;2018-11-14T08:17:03&apos;&#10;System info: host: &apos;Mizans-MacBook-Pro.local&apos;, ip: &apos;2604:2000:6087:cf00:906b:7f1d:5bf9:2341%en0&apos;, os.name: &apos;Mac OS X&apos;, os.arch: &apos;x86_64&apos;, os.version: &apos;10.15.6&apos;, java.version: &apos;11.0.7&apos;&#10;Driver info: org.openqa.selenium.chrome.ChromeDriver&#10;Capabilities {acceptInsecureCerts: false, browserName: chrome, browserVersion: 85.0.4183.121, chrome: {chromedriverVersion: 85.0.4183.87 (cd6713ebf92fa..., userDataDir: /var/folders/b7/lgzywp995gd...}, goog:chromeOptions: {debuggerAddress: localhost:54243}, javascriptEnabled: true, networkConnectionEnabled: false, pageLoadStrategy: normal, platform: MAC, platformName: MAC, proxy: Proxy(), setWindowRect: true, strictFileInteractability: false, timeouts: {implicit: 0, pageLoad: 300000, script: 30000}, unhandledPromptBehavior: dismiss and notify, webauthn:virtualAuthenticators: true}&#10;Session ID: ca138c2d5f065866d7d300ef3e9d1670&#10;*** Element info: {Using=xpath, value=//span[@class=&apos;sc-AxirZ cWICNE&apos;]//div[@class=&apos;sc-AxhCb eSwYtm&apos;]//*[local-name()=&apos;svg&apos;]//*[name()=&apos;path&apos; and contains(@d,&apos;M14.063 14&apos;)]}" type="org.openqa.selenium.NoSuchElementException"><![CDATA[org.openqa.selenium.NoSuchElementException: 
no such element: Unable to locate element: {"method":"xpath","selector":"//span[@class='sc-AxirZ cWICNE']//div[@class='sc-AxhCb eSwYtm']//*[local-name()='svg']//*[name()='path' and contains(@d,'M14.063 14')]"}
  (Session info: chrome=85.0.4183.121)
For documentation on this error, please visit: https://www.seleniumhq.org/exceptions/no_such_element.html
Build info: version: '3.141.59', revision: 'e82be7d358', time: '2018-11-14T08:17:03'
System info: host: 'Mizans-MacBook-Pro.local', ip: '2604:2000:6087:cf00:906b:7f1d:5bf9:2341%en0', os.name: 'Mac OS X', os.arch: 'x86_64', os.version: '10.15.6', java.version: '11.0.7'
Driver info: org.openqa.selenium.chrome.ChromeDriver
Capabilities {acceptInsecureCerts: false, browserName: chrome, browserVersion: 85.0.4183.121, chrome: {chromedriverVersion: 85.0.4183.87 (cd6713ebf92fa..., userDataDir: /var/folders/b7/lgzywp995gd...}, goog:chromeOptions: {debuggerAddress: localhost:54243}, javascriptEnabled: true, networkConnectionEnabled: false, pageLoadStrategy: normal, platform: MAC, platformName: MAC, proxy: Proxy(), setWindowRect: true, strictFileInteractability: false, timeouts: {implicit: 0, pageLoad: 300000, script: 30000}, unhandledPromptBehavior: dismiss and notify, webauthn:virtualAuthenticators: true}
Session ID: ca138c2d5f065866d7d300ef3e9d1670
*** Element info: {Using=xpath, value=//span[@class='sc-AxirZ cWICNE']//div[@class='sc-AxhCb eSwYtm']//*[local-name()='svg']//*[name()='path' and contains(@d,'M14.063 14')]}
	at testhome.HomePageTest.testCreateTargetAccountForNegativeTest(HomePageTest.java:37)
]]></failure>
    <system-out><![CDATA[Screenshot captured
HomePageTest: test Create Target Account For Negative Test
]]></system-out>
    <system-err><![CDATA[Starting ChromeDriver 85.0.4183.87 (cd6713ebf92fa1cacc0f1a598df280093af0c5d7-refs/branch-heads/4183@{#1689}) on port 23228
Only local connections are allowed.
Please see https://chromedriver.chromium.org/security-considerations for suggestions on keeping ChromeDriver safe.
ChromeDriver was started successfully.
Sep 26, 2020 3:20:07 AM org.openqa.selenium.remote.ProtocolHandshake createSession
INFO: Detected dialect: W3C
]]></system-err>
  </testcase>
  <testcase name="testSearchBoxCheck" classname="testhome.HomePageTest" time="10.588">
    <failure message="no such element: Unable to locate element: {&quot;method&quot;:&quot;xpath&quot;,&quot;selector&quot;:&quot;//button[@class=&apos;SearchInputButton-sc-1opoijs-0 gpTjzt&apos;]&quot;}&#10;  (Session info: chrome=85.0.4183.121)&#10;For documentation on this error, please visit: https://www.seleniumhq.org/exceptions/no_such_element.html&#10;Build info: version: &apos;3.141.59&apos;, revision: &apos;e82be7d358&apos;, time: &apos;2018-11-14T08:17:03&apos;&#10;System info: host: &apos;Mizans-MacBook-Pro.local&apos;, ip: &apos;2604:2000:6087:cf00:906b:7f1d:5bf9:2341%en0&apos;, os.name: &apos;Mac OS X&apos;, os.arch: &apos;x86_64&apos;, os.version: &apos;10.15.6&apos;, java.version: &apos;11.0.7&apos;&#10;Driver info: org.openqa.selenium.chrome.ChromeDriver&#10;Capabilities {acceptInsecureCerts: false, browserName: chrome, browserVersion: 85.0.4183.121, chrome: {chromedriverVersion: 85.0.4183.87 (cd6713ebf92fa..., userDataDir: /var/folders/b7/lgzywp995gd...}, goog:chromeOptions: {debuggerAddress: localhost:54302}, javascriptEnabled: true, networkConnectionEnabled: false, pageLoadStrategy: normal, platform: MAC, platformName: MAC, proxy: Proxy(), setWindowRect: true, strictFileInteractability: false, timeouts: {implicit: 0, pageLoad: 300000, script: 30000}, unhandledPromptBehavior: dismiss and notify, webauthn:virtualAuthenticators: true}&#10;Session ID: dc0a60418c70ee0b6457c9adb06ff7bf&#10;*** Element info: {Using=xpath, value=//button[@class=&apos;SearchInputButton-sc-1opoijs-0 gpTjzt&apos;]}" type="org.openqa.selenium.NoSuchElementException"><![CDATA[org.openqa.selenium.NoSuchElementException: 
no such element: Unable to locate element: {"method":"xpath","selector":"//button[@class='SearchInputButton-sc-1opoijs-0 gpTjzt']"}
  (Session info: chrome=85.0.4183.121)
For documentation on this error, please visit: https://www.seleniumhq.org/exceptions/no_such_element.html
Build info: version: '3.141.59', revision: 'e82be7d358', time: '2018-11-14T08:17:03'
System info: host: 'Mizans-MacBook-Pro.local', ip: '2604:2000:6087:cf00:906b:7f1d:5bf9:2341%en0', os.name: 'Mac OS X', os.arch: 'x86_64', os.version: '10.15.6', java.version: '11.0.7'
Driver info: org.openqa.selenium.chrome.ChromeDriver
Capabilities {acceptInsecureCerts: false, browserName: chrome, browserVersion: 85.0.4183.121, chrome: {chromedriverVersion: 85.0.4183.87 (cd6713ebf92fa..., userDataDir: /var/folders/b7/lgzywp995gd...}, goog:chromeOptions: {debuggerAddress: localhost:54302}, javascriptEnabled: true, networkConnectionEnabled: false, pageLoadStrategy: normal, platform: MAC, platformName: MAC, proxy: Proxy(), setWindowRect: true, strictFileInteractability: false, timeouts: {implicit: 0, pageLoad: 300000, script: 30000}, unhandledPromptBehavior: dismiss and notify, webauthn:virtualAuthenticators: true}
Session ID: dc0a60418c70ee0b6457c9adb06ff7bf
*** Element info: {Using=xpath, value=//button[@class='SearchInputButton-sc-1opoijs-0 gpTjzt']}
	at testhome.HomePageTest.testSearchBoxCheck(HomePageTest.java:18)
]]></failure>
    <system-out><![CDATA[Screenshot captured
]]></system-out>
    <system-err><![CDATA[Starting ChromeDriver 85.0.4183.87 (cd6713ebf92fa1cacc0f1a598df280093af0c5d7-refs/branch-heads/4183@{#1689}) on port 23365
Only local connections are allowed.
Please see https://chromedriver.chromium.org/security-considerations for suggestions on keeping ChromeDriver safe.
ChromeDriver was started successfully.
Sep 26, 2020 3:20:24 AM org.openqa.selenium.remote.ProtocolHandshake createSession
INFO: Detected dialect: W3C
]]></system-err>
  </testcase>
  <testcase name="testSearchBoxCheckGetItemsListFromDB" classname="testhome.HomePageTest" time="0.346">
    <failure message="Public Key Retrieval is not allowed" type="java.sql.SQLNonTransientConnectionException"><![CDATA[java.sql.SQLNonTransientConnectionException: Public Key Retrieval is not allowed
	at testhome.HomePageTest.testSearchBoxCheckGetItemsListFromDB(HomePageTest.java:70)
]]></failure>
    <system-out><![CDATA[Screenshot captured
HomePageTest: test Search Box Check Get Items List From DB
]]></system-out>
    <system-err><![CDATA[Starting ChromeDriver 85.0.4183.87 (cd6713ebf92fa1cacc0f1a598df280093af0c5d7-refs/branch-heads/4183@{#1689}) on port 4399
Only local connections are allowed.
Please see https://chromedriver.chromium.org/security-considerations for suggestions on keeping ChromeDriver safe.
ChromeDriver was started successfully.
Sep 26, 2020 3:20:40 AM org.openqa.selenium.remote.ProtocolHandshake createSession
INFO: Detected dialect: W3C
java.sql.SQLNonTransientConnectionException: Public Key Retrieval is not allowed
	at com.mysql.cj.jdbc.exceptions.SQLError.createSQLException(SQLError.java:110)
	at com.mysql.cj.jdbc.exceptions.SQLError.createSQLException(SQLError.java:97)
	at com.mysql.cj.jdbc.exceptions.SQLExceptionsMapping.translateException(SQLExceptionsMapping.java:122)
	at com.mysql.cj.jdbc.ConnectionImpl.createNewIO(ConnectionImpl.java:836)
	at com.mysql.cj.jdbc.ConnectionImpl.<init>(ConnectionImpl.java:456)
	at com.mysql.cj.jdbc.ConnectionImpl.getInstance(ConnectionImpl.java:246)
	at com.mysql.cj.jdbc.NonRegisteringDriver.connect(NonRegisteringDriver.java:197)
	at java.sql/java.sql.DriverManager.getConnection(DriverManager.java:677)
	at java.sql/java.sql.DriverManager.getConnection(DriverManager.java:228)
	at databases.ConnectToSqlDB.connectToSqlDatabase(ConnectToSqlDB.java:38)
	at databases.ConnectToSqlDB.insertDataFromArrayListToSqlTable(ConnectToSqlDB.java:165)
	at datadriven.DataSource.insertDataIntoDB(DataSource.java:19)
	at home.HomePage.searchBoxCheckGetItemsListFromDB(HomePage.java:173)
	at testhome.HomePageTest.testSearchBoxCheckGetItemsListFromDB(HomePageTest.java:70)
	at java.base/jdk.internal.reflect.NativeMethodAccessorImpl.invoke0(Native Method)
	at java.base/jdk.internal.reflect.NativeMethodAccessorImpl.invoke(NativeMethodAccessorImpl.java:62)
	at java.base/jdk.internal.reflect.DelegatingMethodAccessorImpl.invoke(DelegatingMethodAccessorImpl.java:43)
	at java.base/java.lang.reflect.Method.invoke(Method.java:566)
	at org.testng.internal.MethodInvocationHelper.invokeMethod(MethodInvocationHelper.java:134)
	at org.testng.internal.TestInvoker.invokeMethod(TestInvoker.java:597)
	at org.testng.internal.TestInvoker.invokeTestMethod(TestInvoker.java:173)
	at org.testng.internal.MethodRunner.runInSequence(MethodRunner.java:46)
	at org.testng.internal.TestInvoker$MethodInvocationAgent.invoke(TestInvoker.java:816)
	at org.testng.internal.TestInvoker.invokeTestMethods(TestInvoker.java:146)
	at org.testng.internal.TestMethodWorker.invokeTestMethods(TestMethodWorker.java:146)
	at org.testng.internal.TestMethodWorker.run(TestMethodWorker.java:128)
	at java.base/java.util.ArrayList.forEach(ArrayList.java:1540)
	at org.testng.TestRunner.privateRun(TestRunner.java:766)
	at org.testng.TestRunner.run(TestRunner.java:587)
	at org.testng.SuiteRunner.runTest(SuiteRunner.java:384)
	at org.testng.SuiteRunner.runSequentially(SuiteRunner.java:378)
	at org.testng.SuiteRunner.privateRun(SuiteRunner.java:337)
	at org.testng.SuiteRunner.run(SuiteRunner.java:286)
	at org.testng.SuiteRunnerWorker.runSuite(SuiteRunnerWorker.java:53)
	at org.testng.SuiteRunnerWorker.run(SuiteRunnerWorker.java:96)
	at org.testng.TestNG.runSuitesSequentially(TestNG.java:1187)
	at org.testng.TestNG.runSuitesLocally(TestNG.java:1109)
	at org.testng.TestNG.runSuites(TestNG.java:1039)
	at org.testng.TestNG.run(TestNG.java:1007)
	at org.apache.maven.surefire.testng.TestNGExecutor.run(TestNGExecutor.java:284)
	at org.apache.maven.surefire.testng.TestNGXmlTestSuite.execute(TestNGXmlTestSuite.java:75)
	at org.apache.maven.surefire.testng.TestNGProvider.invoke(TestNGProvider.java:119)
	at org.apache.maven.surefire.booter.ForkedBooter.runSuitesInProcess(ForkedBooter.java:428)
	at org.apache.maven.surefire.booter.ForkedBooter.execute(ForkedBooter.java:162)
	at org.apache.maven.surefire.booter.ForkedBooter.run(ForkedBooter.java:562)
	at org.apache.maven.surefire.booter.ForkedBooter.main(ForkedBooter.java:548)
]]></system-err>
  </testcase>
  <testcase name="testSearchBoxCheckUsingGetItemValue" classname="testhome.HomePageTest" time="24.384">
    <system-out><![CDATA[Screenshot captured
HomePageTest: test Search Box Check Using Get Item Value
]]></system-out>
    <system-err><![CDATA[Starting ChromeDriver 85.0.4183.87 (cd6713ebf92fa1cacc0f1a598df280093af0c5d7-refs/branch-heads/4183@{#1689}) on port 19053
Only local connections are allowed.
Please see https://chromedriver.chromium.org/security-considerations for suggestions on keeping ChromeDriver safe.
ChromeDriver was started successfully.
Sep 26, 2020 3:20:46 AM org.openqa.selenium.remote.ProtocolHandshake createSession
INFO: Detected dialect: W3C
]]></system-err>
  </testcase>
  <testcase name="testSearchBoxCheckUsingGetItemsListFromExcel" classname="testhome.HomePageTest" time="0.726">
    <failure message="Index 1 out of bounds for length 1" type="java.lang.IndexOutOfBoundsException"><![CDATA[java.lang.IndexOutOfBoundsException: Index 1 out of bounds for length 1
	at testhome.HomePageTest.testSearchBoxCheckUsingGetItemsListFromExcel(HomePageTest.java:64)
]]></failure>
    <system-out><![CDATA[HomePageTest: test Search Box Check Using Get Items List From Excel
Hand senitizer 
I phone 11 pro max 
T-shirt 
Mens shirt 
Shoes 
Camera 
Bike 
Tv 
]]></system-out>
    <system-err><![CDATA[Starting ChromeDriver 85.0.4183.87 (cd6713ebf92fa1cacc0f1a598df280093af0c5d7-refs/branch-heads/4183@{#1689}) on port 17645
Only local connections are allowed.
Please see https://chromedriver.chromium.org/security-considerations for suggestions on keeping ChromeDriver safe.
ChromeDriver was started successfully.
Sep 26, 2020 3:21:14 AM org.openqa.selenium.remote.ProtocolHandshake createSession
INFO: Detected dialect: W3C
]]></system-err>
  </testcase>
  <testcase name="testSearchBoxIsDisplayed" classname="testhome.HomePageTest" time="0.083">
    <system-out><![CDATA[Screenshot captured
HomePageTest: test Search Box Is Displayed
]]></system-out>
    <system-err><![CDATA[Starting ChromeDriver 85.0.4183.87 (cd6713ebf92fa1cacc0f1a598df280093af0c5d7-refs/branch-heads/4183@{#1689}) on port 47643
Only local connections are allowed.
Please see https://chromedriver.chromium.org/security-considerations for suggestions on keeping ChromeDriver safe.
ChromeDriver was started successfully.
Sep 26, 2020 3:21:21 AM org.openqa.selenium.remote.ProtocolHandshake createSession
INFO: Detected dialect: W3C
]]></system-err>
  </testcase>
  <testcase name="testSignInTargetUserAccount" classname="testhome.HomePageTest" time="10.047">
    <failure message="no such element: Unable to locate element: {&quot;method&quot;:&quot;xpath&quot;,&quot;selector&quot;:&quot;//span[@class=&apos;sc-AxirZ cWICNE&apos;]//div[@class=&apos;sc-AxhCb eSwYtm&apos;]//*[local-name()=&apos;svg&apos;]//*[name()=&apos;path&apos; and contains(@d,&apos;M14.063 14&apos;)]&quot;}&#10;  (Session info: chrome=85.0.4183.121)&#10;For documentation on this error, please visit: https://www.seleniumhq.org/exceptions/no_such_element.html&#10;Build info: version: &apos;3.141.59&apos;, revision: &apos;e82be7d358&apos;, time: &apos;2018-11-14T08:17:03&apos;&#10;System info: host: &apos;Mizans-MacBook-Pro.local&apos;, ip: &apos;2604:2000:6087:cf00:906b:7f1d:5bf9:2341%en0&apos;, os.name: &apos;Mac OS X&apos;, os.arch: &apos;x86_64&apos;, os.version: &apos;10.15.6&apos;, java.version: &apos;11.0.7&apos;&#10;Driver info: org.openqa.selenium.chrome.ChromeDriver&#10;Capabilities {acceptInsecureCerts: false, browserName: chrome, browserVersion: 85.0.4183.121, chrome: {chromedriverVersion: 85.0.4183.87 (cd6713ebf92fa..., userDataDir: /var/folders/b7/lgzywp995gd...}, goog:chromeOptions: {debuggerAddress: localhost:54648}, javascriptEnabled: true, networkConnectionEnabled: false, pageLoadStrategy: normal, platform: MAC, platformName: MAC, proxy: Proxy(), setWindowRect: true, strictFileInteractability: false, timeouts: {implicit: 0, pageLoad: 300000, script: 30000}, unhandledPromptBehavior: dismiss and notify, webauthn:virtualAuthenticators: true}&#10;Session ID: 34870e093b62b75e2e88159153f258f1&#10;*** Element info: {Using=xpath, value=//span[@class=&apos;sc-AxirZ cWICNE&apos;]//div[@class=&apos;sc-AxhCb eSwYtm&apos;]//*[local-name()=&apos;svg&apos;]//*[name()=&apos;path&apos; and contains(@d,&apos;M14.063 14&apos;)]}" type="org.openqa.selenium.NoSuchElementException"><![CDATA[org.openqa.selenium.NoSuchElementException: 
no such element: Unable to locate element: {"method":"xpath","selector":"//span[@class='sc-AxirZ cWICNE']//div[@class='sc-AxhCb eSwYtm']//*[local-name()='svg']//*[name()='path' and contains(@d,'M14.063 14')]"}
  (Session info: chrome=85.0.4183.121)
For documentation on this error, please visit: https://www.seleniumhq.org/exceptions/no_such_element.html
Build info: version: '3.141.59', revision: 'e82be7d358', time: '2018-11-14T08:17:03'
System info: host: 'Mizans-MacBook-Pro.local', ip: '2604:2000:6087:cf00:906b:7f1d:5bf9:2341%en0', os.name: 'Mac OS X', os.arch: 'x86_64', os.version: '10.15.6', java.version: '11.0.7'
Driver info: org.openqa.selenium.chrome.ChromeDriver
Capabilities {acceptInsecureCerts: false, browserName: chrome, browserVersion: 85.0.4183.121, chrome: {chromedriverVersion: 85.0.4183.87 (cd6713ebf92fa..., userDataDir: /var/folders/b7/lgzywp995gd...}, goog:chromeOptions: {debuggerAddress: localhost:54648}, javascriptEnabled: true, networkConnectionEnabled: false, pageLoadStrategy: normal, platform: MAC, platformName: MAC, proxy: Proxy(), setWindowRect: true, strictFileInteractability: false, timeouts: {implicit: 0, pageLoad: 300000, script: 30000}, unhandledPromptBehavior: dismiss and notify, webauthn:virtualAuthenticators: true}
Session ID: 34870e093b62b75e2e88159153f258f1
*** Element info: {Using=xpath, value=//span[@class='sc-AxirZ cWICNE']//div[@class='sc-AxhCb eSwYtm']//*[local-name()='svg']//*[name()='path' and contains(@d,'M14.063 14')]}
	at testhome.HomePageTest.testSignInTargetUserAccount(HomePageTest.java:44)
]]></failure>
    <system-out><![CDATA[HomePageTest: test Sign In Target User Account
]]></system-out>
    <system-err><![CDATA[Starting ChromeDriver 85.0.4183.87 (cd6713ebf92fa1cacc0f1a598df280093af0c5d7-refs/branch-heads/4183@{#1689}) on port 36361
Only local connections are allowed.
Please see https://chromedriver.chromium.org/security-considerations for suggestions on keeping ChromeDriver safe.
ChromeDriver was started successfully.
Sep 26, 2020 3:21:27 AM org.openqa.selenium.remote.ProtocolHandshake createSession
INFO: Detected dialect: W3C
]]></system-err>
  </testcase>
  <testcase name="testSignInTargetUserAccountUsingInvalidCredentials" classname="testhome.HomePageTest" time="10.019">
    <failure message="no such element: Unable to locate element: {&quot;method&quot;:&quot;xpath&quot;,&quot;selector&quot;:&quot;//span[@class=&apos;sc-AxirZ cWICNE&apos;]//div[@class=&apos;sc-AxhCb eSwYtm&apos;]//*[local-name()=&apos;svg&apos;]//*[name()=&apos;path&apos; and contains(@d,&apos;M14.063 14&apos;)]&quot;}&#10;  (Session info: chrome=85.0.4183.121)&#10;For documentation on this error, please visit: https://www.seleniumhq.org/exceptions/no_such_element.html&#10;Build info: version: &apos;3.141.59&apos;, revision: &apos;e82be7d358&apos;, time: &apos;2018-11-14T08:17:03&apos;&#10;System info: host: &apos;Mizans-MacBook-Pro.local&apos;, ip: &apos;2604:2000:6087:cf00:906b:7f1d:5bf9:2341%en0&apos;, os.name: &apos;Mac OS X&apos;, os.arch: &apos;x86_64&apos;, os.version: &apos;10.15.6&apos;, java.version: &apos;11.0.7&apos;&#10;Driver info: org.openqa.selenium.chrome.ChromeDriver&#10;Capabilities {acceptInsecureCerts: false, browserName: chrome, browserVersion: 85.0.4183.121, chrome: {chromedriverVersion: 85.0.4183.87 (cd6713ebf92fa..., userDataDir: /var/folders/b7/lgzywp995gd...}, goog:chromeOptions: {debuggerAddress: localhost:54706}, javascriptEnabled: true, networkConnectionEnabled: false, pageLoadStrategy: normal, platform: MAC, platformName: MAC, proxy: Proxy(), setWindowRect: true, strictFileInteractability: false, timeouts: {implicit: 0, pageLoad: 300000, script: 30000}, unhandledPromptBehavior: dismiss and notify, webauthn:virtualAuthenticators: true}&#10;Session ID: 014feb14a5769eeda7dc85d2230a500c&#10;*** Element info: {Using=xpath, value=//span[@class=&apos;sc-AxirZ cWICNE&apos;]//div[@class=&apos;sc-AxhCb eSwYtm&apos;]//*[local-name()=&apos;svg&apos;]//*[name()=&apos;path&apos; and contains(@d,&apos;M14.063 14&apos;)]}" type="org.openqa.selenium.NoSuchElementException"><![CDATA[org.openqa.selenium.NoSuchElementException: 
no such element: Unable to locate element: {"method":"xpath","selector":"//span[@class='sc-AxirZ cWICNE']//div[@class='sc-AxhCb eSwYtm']//*[local-name()='svg']//*[name()='path' and contains(@d,'M14.063 14')]"}
  (Session info: chrome=85.0.4183.121)
For documentation on this error, please visit: https://www.seleniumhq.org/exceptions/no_such_element.html
Build info: version: '3.141.59', revision: 'e82be7d358', time: '2018-11-14T08:17:03'
System info: host: 'Mizans-MacBook-Pro.local', ip: '2604:2000:6087:cf00:906b:7f1d:5bf9:2341%en0', os.name: 'Mac OS X', os.arch: 'x86_64', os.version: '10.15.6', java.version: '11.0.7'
Driver info: org.openqa.selenium.chrome.ChromeDriver
Capabilities {acceptInsecureCerts: false, browserName: chrome, browserVersion: 85.0.4183.121, chrome: {chromedriverVersion: 85.0.4183.87 (cd6713ebf92fa..., userDataDir: /var/folders/b7/lgzywp995gd...}, goog:chromeOptions: {debuggerAddress: localhost:54706}, javascriptEnabled: true, networkConnectionEnabled: false, pageLoadStrategy: normal, platform: MAC, platformName: MAC, proxy: Proxy(), setWindowRect: true, strictFileInteractability: false, timeouts: {implicit: 0, pageLoad: 300000, script: 30000}, unhandledPromptBehavior: dismiss and notify, webauthn:virtualAuthenticators: true}
Session ID: 014feb14a5769eeda7dc85d2230a500c
*** Element info: {Using=xpath, value=//span[@class='sc-AxirZ cWICNE']//div[@class='sc-AxhCb eSwYtm']//*[local-name()='svg']//*[name()='path' and contains(@d,'M14.063 14')]}
	at testhome.HomePageTest.testSignInTargetUserAccountUsingInvalidCredentials(HomePageTest.java:51)
]]></failure>
    <system-out><![CDATA[Screenshot captured
HomePageTest: test Sign In Target User Account Using Invalid Credentials
]]></system-out>
    <system-err><![CDATA[Starting ChromeDriver 85.0.4183.87 (cd6713ebf92fa1cacc0f1a598df280093af0c5d7-refs/branch-heads/4183@{#1689}) on port 21823
Only local connections are allowed.
Please see https://chromedriver.chromium.org/security-considerations for suggestions on keeping ChromeDriver safe.
ChromeDriver was started successfully.
Sep 26, 2020 3:21:41 AM org.openqa.selenium.remote.ProtocolHandshake createSession
INFO: Detected dialect: W3C
]]></system-err>
  </testcase>
  <testcase name="testShoppingCartLogIn" classname="testhome.ShoppingCartTest" time="10.178">
    <failure message="no such element: Unable to locate element: {&quot;method&quot;:&quot;xpath&quot;,&quot;selector&quot;:&quot;//span[@class=&apos;sc-AxjAm hhuVxr&apos;]//div[@class=&apos;sc-AxiKw eSbheu&apos;]&quot;}&#10;  (Session info: chrome=85.0.4183.121)&#10;For documentation on this error, please visit: https://www.seleniumhq.org/exceptions/no_such_element.html&#10;Build info: version: &apos;3.141.59&apos;, revision: &apos;e82be7d358&apos;, time: &apos;2018-11-14T08:17:03&apos;&#10;System info: host: &apos;Mizans-MacBook-Pro.local&apos;, ip: &apos;2604:2000:6087:cf00:906b:7f1d:5bf9:2341%en0&apos;, os.name: &apos;Mac OS X&apos;, os.arch: &apos;x86_64&apos;, os.version: &apos;10.15.6&apos;, java.version: &apos;11.0.7&apos;&#10;Driver info: org.openqa.selenium.chrome.ChromeDriver&#10;Capabilities {acceptInsecureCerts: false, browserName: chrome, browserVersion: 85.0.4183.121, chrome: {chromedriverVersion: 85.0.4183.87 (cd6713ebf92fa..., userDataDir: /var/folders/b7/lgzywp995gd...}, goog:chromeOptions: {debuggerAddress: localhost:54772}, javascriptEnabled: true, networkConnectionEnabled: false, pageLoadStrategy: normal, platform: MAC, platformName: MAC, proxy: Proxy(), setWindowRect: true, strictFileInteractability: false, timeouts: {implicit: 0, pageLoad: 300000, script: 30000}, unhandledPromptBehavior: dismiss and notify, webauthn:virtualAuthenticators: true}&#10;Session ID: 4a7e2f8bda97e261120e459b709fbb00&#10;*** Element info: {Using=xpath, value=//span[@class=&apos;sc-AxjAm hhuVxr&apos;]//div[@class=&apos;sc-AxiKw eSbheu&apos;]}" type="org.openqa.selenium.NoSuchElementException"><![CDATA[org.openqa.selenium.NoSuchElementException: 
no such element: Unable to locate element: {"method":"xpath","selector":"//span[@class='sc-AxjAm hhuVxr']//div[@class='sc-AxiKw eSbheu']"}
  (Session info: chrome=85.0.4183.121)
For documentation on this error, please visit: https://www.seleniumhq.org/exceptions/no_such_element.html
Build info: version: '3.141.59', revision: 'e82be7d358', time: '2018-11-14T08:17:03'
System info: host: 'Mizans-MacBook-Pro.local', ip: '2604:2000:6087:cf00:906b:7f1d:5bf9:2341%en0', os.name: 'Mac OS X', os.arch: 'x86_64', os.version: '10.15.6', java.version: '11.0.7'
Driver info: org.openqa.selenium.chrome.ChromeDriver
Capabilities {acceptInsecureCerts: false, browserName: chrome, browserVersion: 85.0.4183.121, chrome: {chromedriverVersion: 85.0.4183.87 (cd6713ebf92fa..., userDataDir: /var/folders/b7/lgzywp995gd...}, goog:chromeOptions: {debuggerAddress: localhost:54772}, javascriptEnabled: true, networkConnectionEnabled: false, pageLoadStrategy: normal, platform: MAC, platformName: MAC, proxy: Proxy(), setWindowRect: true, strictFileInteractability: false, timeouts: {implicit: 0, pageLoad: 300000, script: 30000}, unhandledPromptBehavior: dismiss and notify, webauthn:virtualAuthenticators: true}
Session ID: 4a7e2f8bda97e261120e459b709fbb00
*** Element info: {Using=xpath, value=//span[@class='sc-AxjAm hhuVxr']//div[@class='sc-AxiKw eSbheu']}
	at testhome.ShoppingCartTest.testShoppingCartLogIn(ShoppingCartTest.java:26)
]]></failure>
    <system-out><![CDATA[Screenshot captured
]]></system-out>
    <system-err><![CDATA[Starting ChromeDriver 85.0.4183.87 (cd6713ebf92fa1cacc0f1a598df280093af0c5d7-refs/branch-heads/4183@{#1689}) on port 40062
Only local connections are allowed.
Please see https://chromedriver.chromium.org/security-considerations for suggestions on keeping ChromeDriver safe.
ChromeDriver was started successfully.
Sep 26, 2020 3:21:57 AM org.openqa.selenium.remote.ProtocolHandshake createSession
INFO: Detected dialect: W3C
]]></system-err>
  </testcase>
  <testcase name="testShoppingCartLogoIsClickable" classname="testhome.ShoppingCartTest" time="10.09">
    <failure message="no such element: Unable to locate element: {&quot;method&quot;:&quot;xpath&quot;,&quot;selector&quot;:&quot;//span[@class=&apos;sc-AxjAm hhuVxr&apos;]//div[@class=&apos;sc-AxiKw eSbheu&apos;]&quot;}&#10;  (Session info: chrome=85.0.4183.121)&#10;For documentation on this error, please visit: https://www.seleniumhq.org/exceptions/no_such_element.html&#10;Build info: version: &apos;3.141.59&apos;, revision: &apos;e82be7d358&apos;, time: &apos;2018-11-14T08:17:03&apos;&#10;System info: host: &apos;Mizans-MacBook-Pro.local&apos;, ip: &apos;2604:2000:6087:cf00:906b:7f1d:5bf9:2341%en0&apos;, os.name: &apos;Mac OS X&apos;, os.arch: &apos;x86_64&apos;, os.version: &apos;10.15.6&apos;, java.version: &apos;11.0.7&apos;&#10;Driver info: org.openqa.selenium.chrome.ChromeDriver&#10;Capabilities {acceptInsecureCerts: false, browserName: chrome, browserVersion: 85.0.4183.121, chrome: {chromedriverVersion: 85.0.4183.87 (cd6713ebf92fa..., userDataDir: /var/folders/b7/lgzywp995gd...}, goog:chromeOptions: {debuggerAddress: localhost:54835}, javascriptEnabled: true, networkConnectionEnabled: false, pageLoadStrategy: normal, platform: MAC, platformName: MAC, proxy: Proxy(), setWindowRect: true, strictFileInteractability: false, timeouts: {implicit: 0, pageLoad: 300000, script: 30000}, unhandledPromptBehavior: dismiss and notify, webauthn:virtualAuthenticators: true}&#10;Session ID: 953f45a7b8e9b28a79912e3af8e6262d&#10;*** Element info: {Using=xpath, value=//span[@class=&apos;sc-AxjAm hhuVxr&apos;]//div[@class=&apos;sc-AxiKw eSbheu&apos;]}" type="org.openqa.selenium.NoSuchElementException"><![CDATA[org.openqa.selenium.NoSuchElementException: 
no such element: Unable to locate element: {"method":"xpath","selector":"//span[@class='sc-AxjAm hhuVxr']//div[@class='sc-AxiKw eSbheu']"}
  (Session info: chrome=85.0.4183.121)
For documentation on this error, please visit: https://www.seleniumhq.org/exceptions/no_such_element.html
Build info: version: '3.141.59', revision: 'e82be7d358', time: '2018-11-14T08:17:03'
System info: host: 'Mizans-MacBook-Pro.local', ip: '2604:2000:6087:cf00:906b:7f1d:5bf9:2341%en0', os.name: 'Mac OS X', os.arch: 'x86_64', os.version: '10.15.6', java.version: '11.0.7'
Driver info: org.openqa.selenium.chrome.ChromeDriver
Capabilities {acceptInsecureCerts: false, browserName: chrome, browserVersion: 85.0.4183.121, chrome: {chromedriverVersion: 85.0.4183.87 (cd6713ebf92fa..., userDataDir: /var/folders/b7/lgzywp995gd...}, goog:chromeOptions: {debuggerAddress: localhost:54835}, javascriptEnabled: true, networkConnectionEnabled: false, pageLoadStrategy: normal, platform: MAC, platformName: MAC, proxy: Proxy(), setWindowRect: true, strictFileInteractability: false, timeouts: {implicit: 0, pageLoad: 300000, script: 30000}, unhandledPromptBehavior: dismiss and notify, webauthn:virtualAuthenticators: true}
Session ID: 953f45a7b8e9b28a79912e3af8e6262d
*** Element info: {Using=xpath, value=//span[@class='sc-AxjAm hhuVxr']//div[@class='sc-AxiKw eSbheu']}
	at testhome.ShoppingCartTest.testShoppingCartLogoIsClickable(ShoppingCartTest.java:21)
]]></failure>
    <system-out><![CDATA[Screenshot captured
]]></system-out>
    <system-err><![CDATA[Starting ChromeDriver 85.0.4183.87 (cd6713ebf92fa1cacc0f1a598df280093af0c5d7-refs/branch-heads/4183@{#1689}) on port 25282
Only local connections are allowed.
Please see https://chromedriver.chromium.org/security-considerations for suggestions on keeping ChromeDriver safe.
ChromeDriver was started successfully.
Sep 26, 2020 3:22:13 AM org.openqa.selenium.remote.ProtocolHandshake createSession
INFO: Detected dialect: W3C
]]></system-err>
  </testcase>
  <testcase name="testShoppingCartLogoIsDisplay" classname="testhome.ShoppingCartTest" time="10.048">
    <failure message="no such element: Unable to locate element: {&quot;method&quot;:&quot;xpath&quot;,&quot;selector&quot;:&quot;//span[@class=&apos;sc-AxjAm hhuVxr&apos;]//div[@class=&apos;sc-AxiKw eSbheu&apos;]&quot;}&#10;  (Session info: chrome=85.0.4183.121)&#10;For documentation on this error, please visit: https://www.seleniumhq.org/exceptions/no_such_element.html&#10;Build info: version: &apos;3.141.59&apos;, revision: &apos;e82be7d358&apos;, time: &apos;2018-11-14T08:17:03&apos;&#10;System info: host: &apos;Mizans-MacBook-Pro.local&apos;, ip: &apos;2604:2000:6087:cf00:906b:7f1d:5bf9:2341%en0&apos;, os.name: &apos;Mac OS X&apos;, os.arch: &apos;x86_64&apos;, os.version: &apos;10.15.6&apos;, java.version: &apos;11.0.7&apos;&#10;Driver info: org.openqa.selenium.chrome.ChromeDriver&#10;Capabilities {acceptInsecureCerts: false, browserName: chrome, browserVersion: 85.0.4183.121, chrome: {chromedriverVersion: 85.0.4183.87 (cd6713ebf92fa..., userDataDir: /var/folders/b7/lgzywp995gd...}, goog:chromeOptions: {debuggerAddress: localhost:54894}, javascriptEnabled: true, networkConnectionEnabled: false, pageLoadStrategy: normal, platform: MAC, platformName: MAC, proxy: Proxy(), setWindowRect: true, strictFileInteractability: false, timeouts: {implicit: 0, pageLoad: 300000, script: 30000}, unhandledPromptBehavior: dismiss and notify, webauthn:virtualAuthenticators: true}&#10;Session ID: 1a232145e793de4fdd848eaf5aa14139&#10;*** Element info: {Using=xpath, value=//span[@class=&apos;sc-AxjAm hhuVxr&apos;]//div[@class=&apos;sc-AxiKw eSbheu&apos;]}" type="org.openqa.selenium.NoSuchElementException"><![CDATA[org.openqa.selenium.NoSuchElementException: 
no such element: Unable to locate element: {"method":"xpath","selector":"//span[@class='sc-AxjAm hhuVxr']//div[@class='sc-AxiKw eSbheu']"}
  (Session info: chrome=85.0.4183.121)
For documentation on this error, please visit: https://www.seleniumhq.org/exceptions/no_such_element.html
Build info: version: '3.141.59', revision: 'e82be7d358', time: '2018-11-14T08:17:03'
System info: host: 'Mizans-MacBook-Pro.local', ip: '2604:2000:6087:cf00:906b:7f1d:5bf9:2341%en0', os.name: 'Mac OS X', os.arch: 'x86_64', os.version: '10.15.6', java.version: '11.0.7'
Driver info: org.openqa.selenium.chrome.ChromeDriver
Capabilities {acceptInsecureCerts: false, browserName: chrome, browserVersion: 85.0.4183.121, chrome: {chromedriverVersion: 85.0.4183.87 (cd6713ebf92fa..., userDataDir: /var/folders/b7/lgzywp995gd...}, goog:chromeOptions: {debuggerAddress: localhost:54894}, javascriptEnabled: true, networkConnectionEnabled: false, pageLoadStrategy: normal, platform: MAC, platformName: MAC, proxy: Proxy(), setWindowRect: true, strictFileInteractability: false, timeouts: {implicit: 0, pageLoad: 300000, script: 30000}, unhandledPromptBehavior: dismiss and notify, webauthn:virtualAuthenticators: true}
Session ID: 1a232145e793de4fdd848eaf5aa14139
*** Element info: {Using=xpath, value=//span[@class='sc-AxjAm hhuVxr']//div[@class='sc-AxiKw eSbheu']}
	at testhome.ShoppingCartTest.testShoppingCartLogoIsDisplay(ShoppingCartTest.java:17)
]]></failure>
    <system-out><![CDATA[Screenshot captured
]]></system-out>
    <system-err><![CDATA[Starting ChromeDriver 85.0.4183.87 (cd6713ebf92fa1cacc0f1a598df280093af0c5d7-refs/branch-heads/4183@{#1689}) on port 41073
Only local connections are allowed.
Please see https://chromedriver.chromium.org/security-considerations for suggestions on keeping ChromeDriver safe.
ChromeDriver was started successfully.
Sep 26, 2020 3:22:27 AM org.openqa.selenium.remote.ProtocolHandshake createSession
INFO: Detected dialect: W3C
]]></system-err>
  </testcase>
  <testcase name="testViewWeeklyAdIsClickable" classname="testhome.WeeklyAdTest" time="10.024">
    <failure message="no such element: Unable to locate element: {&quot;method&quot;:&quot;xpath&quot;,&quot;selector&quot;:&quot;//a[@class=&apos;Link-sc-1khjl8b-0 kPdxNk&apos;][contains(text(),&apos;Weekly Ad&apos;)]&quot;}&#10;  (Session info: chrome=85.0.4183.121)&#10;For documentation on this error, please visit: https://www.seleniumhq.org/exceptions/no_such_element.html&#10;Build info: version: &apos;3.141.59&apos;, revision: &apos;e82be7d358&apos;, time: &apos;2018-11-14T08:17:03&apos;&#10;System info: host: &apos;Mizans-MacBook-Pro.local&apos;, ip: &apos;2604:2000:6087:cf00:906b:7f1d:5bf9:2341%en0&apos;, os.name: &apos;Mac OS X&apos;, os.arch: &apos;x86_64&apos;, os.version: &apos;10.15.6&apos;, java.version: &apos;11.0.7&apos;&#10;Driver info: org.openqa.selenium.chrome.ChromeDriver&#10;Capabilities {acceptInsecureCerts: false, browserName: chrome, browserVersion: 85.0.4183.121, chrome: {chromedriverVersion: 85.0.4183.87 (cd6713ebf92fa..., userDataDir: /var/folders/b7/lgzywp995gd...}, goog:chromeOptions: {debuggerAddress: localhost:54947}, javascriptEnabled: true, networkConnectionEnabled: false, pageLoadStrategy: normal, platform: MAC, platformName: MAC, proxy: Proxy(), setWindowRect: true, strictFileInteractability: false, timeouts: {implicit: 0, pageLoad: 300000, script: 30000}, unhandledPromptBehavior: dismiss and notify, webauthn:virtualAuthenticators: true}&#10;Session ID: ae62b8b1604a4624817c4a45d32fe356&#10;*** Element info: {Using=xpath, value=//a[@class=&apos;Link-sc-1khjl8b-0 kPdxNk&apos;][contains(text(),&apos;Weekly Ad&apos;)]}" type="org.openqa.selenium.NoSuchElementException"><![CDATA[org.openqa.selenium.NoSuchElementException: 
no such element: Unable to locate element: {"method":"xpath","selector":"//a[@class='Link-sc-1khjl8b-0 kPdxNk'][contains(text(),'Weekly Ad')]"}
  (Session info: chrome=85.0.4183.121)
For documentation on this error, please visit: https://www.seleniumhq.org/exceptions/no_such_element.html
Build info: version: '3.141.59', revision: 'e82be7d358', time: '2018-11-14T08:17:03'
System info: host: 'Mizans-MacBook-Pro.local', ip: '2604:2000:6087:cf00:906b:7f1d:5bf9:2341%en0', os.name: 'Mac OS X', os.arch: 'x86_64', os.version: '10.15.6', java.version: '11.0.7'
Driver info: org.openqa.selenium.chrome.ChromeDriver
Capabilities {acceptInsecureCerts: false, browserName: chrome, browserVersion: 85.0.4183.121, chrome: {chromedriverVersion: 85.0.4183.87 (cd6713ebf92fa..., userDataDir: /var/folders/b7/lgzywp995gd...}, goog:chromeOptions: {debuggerAddress: localhost:54947}, javascriptEnabled: true, networkConnectionEnabled: false, pageLoadStrategy: normal, platform: MAC, platformName: MAC, proxy: Proxy(), setWindowRect: true, strictFileInteractability: false, timeouts: {implicit: 0, pageLoad: 300000, script: 30000}, unhandledPromptBehavior: dismiss and notify, webauthn:virtualAuthenticators: true}
Session ID: ae62b8b1604a4624817c4a45d32fe356
*** Element info: {Using=xpath, value=//a[@class='Link-sc-1khjl8b-0 kPdxNk'][contains(text(),'Weekly Ad')]}
	at testhome.WeeklyAdTest.testViewWeeklyAdIsClickable(WeeklyAdTest.java:30)
]]></failure>
    <system-out><![CDATA[Screenshot captured
]]></system-out>
    <system-err><![CDATA[Starting ChromeDriver 85.0.4183.87 (cd6713ebf92fa1cacc0f1a598df280093af0c5d7-refs/branch-heads/4183@{#1689}) on port 47421
Only local connections are allowed.
Please see https://chromedriver.chromium.org/security-considerations for suggestions on keeping ChromeDriver safe.
ChromeDriver was started successfully.
Sep 26, 2020 3:22:43 AM org.openqa.selenium.remote.ProtocolHandshake createSession
INFO: Detected dialect: W3C
]]></system-err>
  </testcase>
  <testcase name="testViewWeeklyAdIsDisplay" classname="testhome.WeeklyAdTest" time="10.015">
    <failure message="no such element: Unable to locate element: {&quot;method&quot;:&quot;xpath&quot;,&quot;selector&quot;:&quot;//a[@class=&apos;Link-sc-1khjl8b-0 kPdxNk&apos;][contains(text(),&apos;Weekly Ad&apos;)]&quot;}&#10;  (Session info: chrome=85.0.4183.121)&#10;For documentation on this error, please visit: https://www.seleniumhq.org/exceptions/no_such_element.html&#10;Build info: version: &apos;3.141.59&apos;, revision: &apos;e82be7d358&apos;, time: &apos;2018-11-14T08:17:03&apos;&#10;System info: host: &apos;Mizans-MacBook-Pro.local&apos;, ip: &apos;2604:2000:6087:cf00:906b:7f1d:5bf9:2341%en0&apos;, os.name: &apos;Mac OS X&apos;, os.arch: &apos;x86_64&apos;, os.version: &apos;10.15.6&apos;, java.version: &apos;11.0.7&apos;&#10;Driver info: org.openqa.selenium.chrome.ChromeDriver&#10;Capabilities {acceptInsecureCerts: false, browserName: chrome, browserVersion: 85.0.4183.121, chrome: {chromedriverVersion: 85.0.4183.87 (cd6713ebf92fa..., userDataDir: /var/folders/b7/lgzywp995gd...}, goog:chromeOptions: {debuggerAddress: localhost:55006}, javascriptEnabled: true, networkConnectionEnabled: false, pageLoadStrategy: normal, platform: MAC, platformName: MAC, proxy: Proxy(), setWindowRect: true, strictFileInteractability: false, timeouts: {implicit: 0, pageLoad: 300000, script: 30000}, unhandledPromptBehavior: dismiss and notify, webauthn:virtualAuthenticators: true}&#10;Session ID: 7ebbc29170cb057dfde98a0a066972f6&#10;*** Element info: {Using=xpath, value=//a[@class=&apos;Link-sc-1khjl8b-0 kPdxNk&apos;][contains(text(),&apos;Weekly Ad&apos;)]}" type="org.openqa.selenium.NoSuchElementException"><![CDATA[org.openqa.selenium.NoSuchElementException: 
no such element: Unable to locate element: {"method":"xpath","selector":"//a[@class='Link-sc-1khjl8b-0 kPdxNk'][contains(text(),'Weekly Ad')]"}
  (Session info: chrome=85.0.4183.121)
For documentation on this error, please visit: https://www.seleniumhq.org/exceptions/no_such_element.html
Build info: version: '3.141.59', revision: 'e82be7d358', time: '2018-11-14T08:17:03'
System info: host: 'Mizans-MacBook-Pro.local', ip: '2604:2000:6087:cf00:906b:7f1d:5bf9:2341%en0', os.name: 'Mac OS X', os.arch: 'x86_64', os.version: '10.15.6', java.version: '11.0.7'
Driver info: org.openqa.selenium.chrome.ChromeDriver
Capabilities {acceptInsecureCerts: false, browserName: chrome, browserVersion: 85.0.4183.121, chrome: {chromedriverVersion: 85.0.4183.87 (cd6713ebf92fa..., userDataDir: /var/folders/b7/lgzywp995gd...}, goog:chromeOptions: {debuggerAddress: localhost:55006}, javascriptEnabled: true, networkConnectionEnabled: false, pageLoadStrategy: normal, platform: MAC, platformName: MAC, proxy: Proxy(), setWindowRect: true, strictFileInteractability: false, timeouts: {implicit: 0, pageLoad: 300000, script: 30000}, unhandledPromptBehavior: dismiss and notify, webauthn:virtualAuthenticators: true}
Session ID: 7ebbc29170cb057dfde98a0a066972f6
*** Element info: {Using=xpath, value=//a[@class='Link-sc-1khjl8b-0 kPdxNk'][contains(text(),'Weekly Ad')]}
	at testhome.WeeklyAdTest.testViewWeeklyAdIsDisplay(WeeklyAdTest.java:26)
]]></failure>
    <system-out><![CDATA[Screenshot captured
]]></system-out>
    <system-err><![CDATA[Starting ChromeDriver 85.0.4183.87 (cd6713ebf92fa1cacc0f1a598df280093af0c5d7-refs/branch-heads/4183@{#1689}) on port 38811
Only local connections are allowed.
Please see https://chromedriver.chromium.org/security-considerations for suggestions on keeping ChromeDriver safe.
ChromeDriver was started successfully.
Sep 26, 2020 3:22:58 AM org.openqa.selenium.remote.ProtocolHandshake createSession
INFO: Detected dialect: W3C
]]></system-err>
  </testcase>
  <testcase name="testWeeklyAdBottomMenuTermsLinkIsClickable" classname="testhome.WeeklyAdTest" time="10.028">
    <failure message="no such element: Unable to locate element: {&quot;method&quot;:&quot;xpath&quot;,&quot;selector&quot;:&quot;//a[@class=&apos;Link-sc-1khjl8b-0 kPdxNk&apos;][contains(text(),&apos;Weekly Ad&apos;)]&quot;}&#10;  (Session info: chrome=85.0.4183.121)&#10;For documentation on this error, please visit: https://www.seleniumhq.org/exceptions/no_such_element.html&#10;Build info: version: &apos;3.141.59&apos;, revision: &apos;e82be7d358&apos;, time: &apos;2018-11-14T08:17:03&apos;&#10;System info: host: &apos;Mizans-MacBook-Pro.local&apos;, ip: &apos;2604:2000:6087:cf00:906b:7f1d:5bf9:2341%en0&apos;, os.name: &apos;Mac OS X&apos;, os.arch: &apos;x86_64&apos;, os.version: &apos;10.15.6&apos;, java.version: &apos;11.0.7&apos;&#10;Driver info: org.openqa.selenium.chrome.ChromeDriver&#10;Capabilities {acceptInsecureCerts: false, browserName: chrome, browserVersion: 85.0.4183.121, chrome: {chromedriverVersion: 85.0.4183.87 (cd6713ebf92fa..., userDataDir: /var/folders/b7/lgzywp995gd...}, goog:chromeOptions: {debuggerAddress: localhost:55066}, javascriptEnabled: true, networkConnectionEnabled: false, pageLoadStrategy: normal, platform: MAC, platformName: MAC, proxy: Proxy(), setWindowRect: true, strictFileInteractability: false, timeouts: {implicit: 0, pageLoad: 300000, script: 30000}, unhandledPromptBehavior: dismiss and notify, webauthn:virtualAuthenticators: true}&#10;Session ID: 9764fc74abf2b781f807622b19925eb3&#10;*** Element info: {Using=xpath, value=//a[@class=&apos;Link-sc-1khjl8b-0 kPdxNk&apos;][contains(text(),&apos;Weekly Ad&apos;)]}" type="org.openqa.selenium.NoSuchElementException"><![CDATA[org.openqa.selenium.NoSuchElementException: 
no such element: Unable to locate element: {"method":"xpath","selector":"//a[@class='Link-sc-1khjl8b-0 kPdxNk'][contains(text(),'Weekly Ad')]"}
  (Session info: chrome=85.0.4183.121)
For documentation on this error, please visit: https://www.seleniumhq.org/exceptions/no_such_element.html
Build info: version: '3.141.59', revision: 'e82be7d358', time: '2018-11-14T08:17:03'
System info: host: 'Mizans-MacBook-Pro.local', ip: '2604:2000:6087:cf00:906b:7f1d:5bf9:2341%en0', os.name: 'Mac OS X', os.arch: 'x86_64', os.version: '10.15.6', java.version: '11.0.7'
Driver info: org.openqa.selenium.chrome.ChromeDriver
Capabilities {acceptInsecureCerts: false, browserName: chrome, browserVersion: 85.0.4183.121, chrome: {chromedriverVersion: 85.0.4183.87 (cd6713ebf92fa..., userDataDir: /var/folders/b7/lgzywp995gd...}, goog:chromeOptions: {debuggerAddress: localhost:55066}, javascriptEnabled: true, networkConnectionEnabled: false, pageLoadStrategy: normal, platform: MAC, platformName: MAC, proxy: Proxy(), setWindowRect: true, strictFileInteractability: false, timeouts: {implicit: 0, pageLoad: 300000, script: 30000}, unhandledPromptBehavior: dismiss and notify, webauthn:virtualAuthenticators: true}
Session ID: 9764fc74abf2b781f807622b19925eb3
*** Element info: {Using=xpath, value=//a[@class='Link-sc-1khjl8b-0 kPdxNk'][contains(text(),'Weekly Ad')]}
	at testhome.WeeklyAdTest.testWeeklyAdBottomMenuTermsLinkIsClickable(WeeklyAdTest.java:39)
]]></failure>
    <system-out><![CDATA[Screenshot captured
]]></system-out>
    <system-err><![CDATA[Starting ChromeDriver 85.0.4183.87 (cd6713ebf92fa1cacc0f1a598df280093af0c5d7-refs/branch-heads/4183@{#1689}) on port 38999
Only local connections are allowed.
Please see https://chromedriver.chromium.org/security-considerations for suggestions on keeping ChromeDriver safe.
ChromeDriver was started successfully.
Sep 26, 2020 3:23:12 AM org.openqa.selenium.remote.ProtocolHandshake createSession
INFO: Detected dialect: W3C
]]></system-err>
  </testcase>
  <testcase name="testWeeklyAdBottomTargetLogoIsDisplay" classname="testhome.WeeklyAdTest" time="10.078">
    <failure message="no such element: Unable to locate element: {&quot;method&quot;:&quot;xpath&quot;,&quot;selector&quot;:&quot;//a[@class=&apos;Link-sc-1khjl8b-0 kPdxNk&apos;][contains(text(),&apos;Weekly Ad&apos;)]&quot;}&#10;  (Session info: chrome=85.0.4183.121)&#10;For documentation on this error, please visit: https://www.seleniumhq.org/exceptions/no_such_element.html&#10;Build info: version: &apos;3.141.59&apos;, revision: &apos;e82be7d358&apos;, time: &apos;2018-11-14T08:17:03&apos;&#10;System info: host: &apos;Mizans-MacBook-Pro.local&apos;, ip: &apos;2604:2000:6087:cf00:906b:7f1d:5bf9:2341%en0&apos;, os.name: &apos;Mac OS X&apos;, os.arch: &apos;x86_64&apos;, os.version: &apos;10.15.6&apos;, java.version: &apos;11.0.7&apos;&#10;Driver info: org.openqa.selenium.chrome.ChromeDriver&#10;Capabilities {acceptInsecureCerts: false, browserName: chrome, browserVersion: 85.0.4183.121, chrome: {chromedriverVersion: 85.0.4183.87 (cd6713ebf92fa..., userDataDir: /var/folders/b7/lgzywp995gd...}, goog:chromeOptions: {debuggerAddress: localhost:55128}, javascriptEnabled: true, networkConnectionEnabled: false, pageLoadStrategy: normal, platform: MAC, platformName: MAC, proxy: Proxy(), setWindowRect: true, strictFileInteractability: false, timeouts: {implicit: 0, pageLoad: 300000, script: 30000}, unhandledPromptBehavior: dismiss and notify, webauthn:virtualAuthenticators: true}&#10;Session ID: cdd590eec6e0f134d3237ec6c34823ec&#10;*** Element info: {Using=xpath, value=//a[@class=&apos;Link-sc-1khjl8b-0 kPdxNk&apos;][contains(text(),&apos;Weekly Ad&apos;)]}" type="org.openqa.selenium.NoSuchElementException"><![CDATA[org.openqa.selenium.NoSuchElementException: 
no such element: Unable to locate element: {"method":"xpath","selector":"//a[@class='Link-sc-1khjl8b-0 kPdxNk'][contains(text(),'Weekly Ad')]"}
  (Session info: chrome=85.0.4183.121)
For documentation on this error, please visit: https://www.seleniumhq.org/exceptions/no_such_element.html
Build info: version: '3.141.59', revision: 'e82be7d358', time: '2018-11-14T08:17:03'
System info: host: 'Mizans-MacBook-Pro.local', ip: '2604:2000:6087:cf00:906b:7f1d:5bf9:2341%en0', os.name: 'Mac OS X', os.arch: 'x86_64', os.version: '10.15.6', java.version: '11.0.7'
Driver info: org.openqa.selenium.chrome.ChromeDriver
Capabilities {acceptInsecureCerts: false, browserName: chrome, browserVersion: 85.0.4183.121, chrome: {chromedriverVersion: 85.0.4183.87 (cd6713ebf92fa..., userDataDir: /var/folders/b7/lgzywp995gd...}, goog:chromeOptions: {debuggerAddress: localhost:55128}, javascriptEnabled: true, networkConnectionEnabled: false, pageLoadStrategy: normal, platform: MAC, platformName: MAC, proxy: Proxy(), setWindowRect: true, strictFileInteractability: false, timeouts: {implicit: 0, pageLoad: 300000, script: 30000}, unhandledPromptBehavior: dismiss and notify, webauthn:virtualAuthenticators: true}
Session ID: cdd590eec6e0f134d3237ec6c34823ec
*** Element info: {Using=xpath, value=//a[@class='Link-sc-1khjl8b-0 kPdxNk'][contains(text(),'Weekly Ad')]}
	at testhome.WeeklyAdTest.testWeeklyAdBottomTargetLogoIsDisplay(WeeklyAdTest.java:35)
]]></failure>
    <system-out><![CDATA[Screenshot captured
]]></system-out>
    <system-err><![CDATA[Starting ChromeDriver 85.0.4183.87 (cd6713ebf92fa1cacc0f1a598df280093af0c5d7-refs/branch-heads/4183@{#1689}) on port 39388
Only local connections are allowed.
Please see https://chromedriver.chromium.org/security-considerations for suggestions on keeping ChromeDriver safe.
ChromeDriver was started successfully.
Sep 26, 2020 3:23:29 AM org.openqa.selenium.remote.ProtocolHandshake createSession
INFO: Detected dialect: W3C
]]></system-err>
  </testcase>
  <testcase name="testWeeklyAdButtonIsClickable" classname="testhome.WeeklyAdTest" time="10.073">
    <failure message="no such element: Unable to locate element: {&quot;method&quot;:&quot;xpath&quot;,&quot;selector&quot;:&quot;//a[@class=&apos;Link-sc-1khjl8b-0 kPdxNk&apos;][contains(text(),&apos;Weekly Ad&apos;)]&quot;}&#10;  (Session info: chrome=85.0.4183.121)&#10;For documentation on this error, please visit: https://www.seleniumhq.org/exceptions/no_such_element.html&#10;Build info: version: &apos;3.141.59&apos;, revision: &apos;e82be7d358&apos;, time: &apos;2018-11-14T08:17:03&apos;&#10;System info: host: &apos;Mizans-MacBook-Pro.local&apos;, ip: &apos;2604:2000:6087:cf00:906b:7f1d:5bf9:2341%en0&apos;, os.name: &apos;Mac OS X&apos;, os.arch: &apos;x86_64&apos;, os.version: &apos;10.15.6&apos;, java.version: &apos;11.0.7&apos;&#10;Driver info: org.openqa.selenium.chrome.ChromeDriver&#10;Capabilities {acceptInsecureCerts: false, browserName: chrome, browserVersion: 85.0.4183.121, chrome: {chromedriverVersion: 85.0.4183.87 (cd6713ebf92fa..., userDataDir: /var/folders/b7/lgzywp995gd...}, goog:chromeOptions: {debuggerAddress: localhost:55191}, javascriptEnabled: true, networkConnectionEnabled: false, pageLoadStrategy: normal, platform: MAC, platformName: MAC, proxy: Proxy(), setWindowRect: true, strictFileInteractability: false, timeouts: {implicit: 0, pageLoad: 300000, script: 30000}, unhandledPromptBehavior: dismiss and notify, webauthn:virtualAuthenticators: true}&#10;Session ID: e05d1652ebd39ba48aff5ce468d21c0b&#10;*** Element info: {Using=xpath, value=//a[@class=&apos;Link-sc-1khjl8b-0 kPdxNk&apos;][contains(text(),&apos;Weekly Ad&apos;)]}" type="org.openqa.selenium.NoSuchElementException"><![CDATA[org.openqa.selenium.NoSuchElementException: 
no such element: Unable to locate element: {"method":"xpath","selector":"//a[@class='Link-sc-1khjl8b-0 kPdxNk'][contains(text(),'Weekly Ad')]"}
  (Session info: chrome=85.0.4183.121)
For documentation on this error, please visit: https://www.seleniumhq.org/exceptions/no_such_element.html
Build info: version: '3.141.59', revision: 'e82be7d358', time: '2018-11-14T08:17:03'
System info: host: 'Mizans-MacBook-Pro.local', ip: '2604:2000:6087:cf00:906b:7f1d:5bf9:2341%en0', os.name: 'Mac OS X', os.arch: 'x86_64', os.version: '10.15.6', java.version: '11.0.7'
Driver info: org.openqa.selenium.chrome.ChromeDriver
Capabilities {acceptInsecureCerts: false, browserName: chrome, browserVersion: 85.0.4183.121, chrome: {chromedriverVersion: 85.0.4183.87 (cd6713ebf92fa..., userDataDir: /var/folders/b7/lgzywp995gd...}, goog:chromeOptions: {debuggerAddress: localhost:55191}, javascriptEnabled: true, networkConnectionEnabled: false, pageLoadStrategy: normal, platform: MAC, platformName: MAC, proxy: Proxy(), setWindowRect: true, strictFileInteractability: false, timeouts: {implicit: 0, pageLoad: 300000, script: 30000}, unhandledPromptBehavior: dismiss and notify, webauthn:virtualAuthenticators: true}
Session ID: e05d1652ebd39ba48aff5ce468d21c0b
*** Element info: {Using=xpath, value=//a[@class='Link-sc-1khjl8b-0 kPdxNk'][contains(text(),'Weekly Ad')]}
	at testhome.WeeklyAdTest.testWeeklyAdButtonIsClickable(WeeklyAdTest.java:21)
]]></failure>
    <system-out><![CDATA[Screenshot captured
]]></system-out>
    <system-err><![CDATA[Starting ChromeDriver 85.0.4183.87 (cd6713ebf92fa1cacc0f1a598df280093af0c5d7-refs/branch-heads/4183@{#1689}) on port 46874
Only local connections are allowed.
Please see https://chromedriver.chromium.org/security-considerations for suggestions on keeping ChromeDriver safe.
ChromeDriver was started successfully.
Sep 26, 2020 3:23:44 AM org.openqa.selenium.remote.ProtocolHandshake createSession
INFO: Detected dialect: W3C
]]></system-err>
  </testcase>
  <testcase name="testWeeklyAdButtonIsDisplay" classname="testhome.WeeklyAdTest" time="10.059">
    <failure message="no such element: Unable to locate element: {&quot;method&quot;:&quot;xpath&quot;,&quot;selector&quot;:&quot;//a[@class=&apos;Link-sc-1khjl8b-0 kPdxNk&apos;][contains(text(),&apos;Weekly Ad&apos;)]&quot;}&#10;  (Session info: chrome=85.0.4183.121)&#10;For documentation on this error, please visit: https://www.seleniumhq.org/exceptions/no_such_element.html&#10;Build info: version: &apos;3.141.59&apos;, revision: &apos;e82be7d358&apos;, time: &apos;2018-11-14T08:17:03&apos;&#10;System info: host: &apos;Mizans-MacBook-Pro.local&apos;, ip: &apos;2604:2000:6087:cf00:906b:7f1d:5bf9:2341%en0&apos;, os.name: &apos;Mac OS X&apos;, os.arch: &apos;x86_64&apos;, os.version: &apos;10.15.6&apos;, java.version: &apos;11.0.7&apos;&#10;Driver info: org.openqa.selenium.chrome.ChromeDriver&#10;Capabilities {acceptInsecureCerts: false, browserName: chrome, browserVersion: 85.0.4183.121, chrome: {chromedriverVersion: 85.0.4183.87 (cd6713ebf92fa..., userDataDir: /var/folders/b7/lgzywp995gd...}, goog:chromeOptions: {debuggerAddress: localhost:55264}, javascriptEnabled: true, networkConnectionEnabled: false, pageLoadStrategy: normal, platform: MAC, platformName: MAC, proxy: Proxy(), setWindowRect: true, strictFileInteractability: false, timeouts: {implicit: 0, pageLoad: 300000, script: 30000}, unhandledPromptBehavior: dismiss and notify, webauthn:virtualAuthenticators: true}&#10;Session ID: 3239d1994c2298f79fccc3b2810ecf56&#10;*** Element info: {Using=xpath, value=//a[@class=&apos;Link-sc-1khjl8b-0 kPdxNk&apos;][contains(text(),&apos;Weekly Ad&apos;)]}" type="org.openqa.selenium.NoSuchElementException"><![CDATA[org.openqa.selenium.NoSuchElementException: 
no such element: Unable to locate element: {"method":"xpath","selector":"//a[@class='Link-sc-1khjl8b-0 kPdxNk'][contains(text(),'Weekly Ad')]"}
  (Session info: chrome=85.0.4183.121)
For documentation on this error, please visit: https://www.seleniumhq.org/exceptions/no_such_element.html
Build info: version: '3.141.59', revision: 'e82be7d358', time: '2018-11-14T08:17:03'
System info: host: 'Mizans-MacBook-Pro.local', ip: '2604:2000:6087:cf00:906b:7f1d:5bf9:2341%en0', os.name: 'Mac OS X', os.arch: 'x86_64', os.version: '10.15.6', java.version: '11.0.7'
Driver info: org.openqa.selenium.chrome.ChromeDriver
Capabilities {acceptInsecureCerts: false, browserName: chrome, browserVersion: 85.0.4183.121, chrome: {chromedriverVersion: 85.0.4183.87 (cd6713ebf92fa..., userDataDir: /var/folders/b7/lgzywp995gd...}, goog:chromeOptions: {debuggerAddress: localhost:55264}, javascriptEnabled: true, networkConnectionEnabled: false, pageLoadStrategy: normal, platform: MAC, platformName: MAC, proxy: Proxy(), setWindowRect: true, strictFileInteractability: false, timeouts: {implicit: 0, pageLoad: 300000, script: 30000}, unhandledPromptBehavior: dismiss and notify, webauthn:virtualAuthenticators: true}
Session ID: 3239d1994c2298f79fccc3b2810ecf56
*** Element info: {Using=xpath, value=//a[@class='Link-sc-1khjl8b-0 kPdxNk'][contains(text(),'Weekly Ad')]}
	at testhome.WeeklyAdTest.testWeeklyAdButtonIsDisplay(WeeklyAdTest.java:17)
]]></failure>
    <system-out><![CDATA[Screenshot captured
]]></system-out>
    <system-err><![CDATA[Starting ChromeDriver 85.0.4183.87 (cd6713ebf92fa1cacc0f1a598df280093af0c5d7-refs/branch-heads/4183@{#1689}) on port 20079
Only local connections are allowed.
Please see https://chromedriver.chromium.org/security-considerations for suggestions on keeping ChromeDriver safe.
ChromeDriver was started successfully.
Sep 26, 2020 3:23:59 AM org.openqa.selenium.remote.ProtocolHandshake createSession
INFO: Detected dialect: W3C
]]></system-err>
  </testcase>
  <testcase name="testWeeklyAdPageFooterMenuTermsLinkIsClickable" classname="testhome.WeeklyAdTest" time="10.016">
    <failure message="no such element: Unable to locate element: {&quot;method&quot;:&quot;xpath&quot;,&quot;selector&quot;:&quot;//a[@class=&apos;Link-sc-1khjl8b-0 kPdxNk&apos;][contains(text(),&apos;Weekly Ad&apos;)]&quot;}&#10;  (Session info: chrome=85.0.4183.121)&#10;For documentation on this error, please visit: https://www.seleniumhq.org/exceptions/no_such_element.html&#10;Build info: version: &apos;3.141.59&apos;, revision: &apos;e82be7d358&apos;, time: &apos;2018-11-14T08:17:03&apos;&#10;System info: host: &apos;Mizans-MacBook-Pro.local&apos;, ip: &apos;2604:2000:6087:cf00:906b:7f1d:5bf9:2341%en0&apos;, os.name: &apos;Mac OS X&apos;, os.arch: &apos;x86_64&apos;, os.version: &apos;10.15.6&apos;, java.version: &apos;11.0.7&apos;&#10;Driver info: org.openqa.selenium.chrome.ChromeDriver&#10;Capabilities {acceptInsecureCerts: false, browserName: chrome, browserVersion: 85.0.4183.121, chrome: {chromedriverVersion: 85.0.4183.87 (cd6713ebf92fa..., userDataDir: /var/folders/b7/lgzywp995gd...}, goog:chromeOptions: {debuggerAddress: localhost:55341}, javascriptEnabled: true, networkConnectionEnabled: false, pageLoadStrategy: normal, platform: MAC, platformName: MAC, proxy: Proxy(), setWindowRect: true, strictFileInteractability: false, timeouts: {implicit: 0, pageLoad: 300000, script: 30000}, unhandledPromptBehavior: dismiss and notify, webauthn:virtualAuthenticators: true}&#10;Session ID: 20b6c366a6c6ef9d682ef37078b0ff9c&#10;*** Element info: {Using=xpath, value=//a[@class=&apos;Link-sc-1khjl8b-0 kPdxNk&apos;][contains(text(),&apos;Weekly Ad&apos;)]}" type="org.openqa.selenium.NoSuchElementException"><![CDATA[org.openqa.selenium.NoSuchElementException: 
no such element: Unable to locate element: {"method":"xpath","selector":"//a[@class='Link-sc-1khjl8b-0 kPdxNk'][contains(text(),'Weekly Ad')]"}
  (Session info: chrome=85.0.4183.121)
For documentation on this error, please visit: https://www.seleniumhq.org/exceptions/no_such_element.html
Build info: version: '3.141.59', revision: 'e82be7d358', time: '2018-11-14T08:17:03'
System info: host: 'Mizans-MacBook-Pro.local', ip: '2604:2000:6087:cf00:906b:7f1d:5bf9:2341%en0', os.name: 'Mac OS X', os.arch: 'x86_64', os.version: '10.15.6', java.version: '11.0.7'
Driver info: org.openqa.selenium.chrome.ChromeDriver
Capabilities {acceptInsecureCerts: false, browserName: chrome, browserVersion: 85.0.4183.121, chrome: {chromedriverVersion: 85.0.4183.87 (cd6713ebf92fa..., userDataDir: /var/folders/b7/lgzywp995gd...}, goog:chromeOptions: {debuggerAddress: localhost:55341}, javascriptEnabled: true, networkConnectionEnabled: false, pageLoadStrategy: normal, platform: MAC, platformName: MAC, proxy: Proxy(), setWindowRect: true, strictFileInteractability: false, timeouts: {implicit: 0, pageLoad: 300000, script: 30000}, unhandledPromptBehavior: dismiss and notify, webauthn:virtualAuthenticators: true}
Session ID: 20b6c366a6c6ef9d682ef37078b0ff9c
*** Element info: {Using=xpath, value=//a[@class='Link-sc-1khjl8b-0 kPdxNk'][contains(text(),'Weekly Ad')]}
	at testhome.WeeklyAdTest.testWeeklyAdPageFooterMenuTermsLinkIsClickable(WeeklyAdTest.java:44)
]]></failure>
    <system-out><![CDATA[Screenshot captured
]]></system-out>
    <system-err><![CDATA[Starting ChromeDriver 85.0.4183.87 (cd6713ebf92fa1cacc0f1a598df280093af0c5d7-refs/branch-heads/4183@{#1689}) on port 7423
Only local connections are allowed.
Please see https://chromedriver.chromium.org/security-considerations for suggestions on keeping ChromeDriver safe.
ChromeDriver was started successfully.
Sep 26, 2020 3:24:15 AM org.openqa.selenium.remote.ProtocolHandshake createSession
INFO: Detected dialect: W3C
]]></system-err>
  </testcase>
  <testcase name="testWeeklyAsPageInterestBasedAdLinkIsActive" classname="testhome.WeeklyAdTest" time="10.034">
    <failure message="no such element: Unable to locate element: {&quot;method&quot;:&quot;xpath&quot;,&quot;selector&quot;:&quot;//a[@class=&apos;Link-sc-1khjl8b-0 kPdxNk&apos;][contains(text(),&apos;Weekly Ad&apos;)]&quot;}&#10;  (Session info: chrome=85.0.4183.121)&#10;For documentation on this error, please visit: https://www.seleniumhq.org/exceptions/no_such_element.html&#10;Build info: version: &apos;3.141.59&apos;, revision: &apos;e82be7d358&apos;, time: &apos;2018-11-14T08:17:03&apos;&#10;System info: host: &apos;Mizans-MacBook-Pro.local&apos;, ip: &apos;2604:2000:6087:cf00:906b:7f1d:5bf9:2341%en0&apos;, os.name: &apos;Mac OS X&apos;, os.arch: &apos;x86_64&apos;, os.version: &apos;10.15.6&apos;, java.version: &apos;11.0.7&apos;&#10;Driver info: org.openqa.selenium.chrome.ChromeDriver&#10;Capabilities {acceptInsecureCerts: false, browserName: chrome, browserVersion: 85.0.4183.121, chrome: {chromedriverVersion: 85.0.4183.87 (cd6713ebf92fa..., userDataDir: /var/folders/b7/lgzywp995gd...}, goog:chromeOptions: {debuggerAddress: localhost:55408}, javascriptEnabled: true, networkConnectionEnabled: false, pageLoadStrategy: normal, platform: MAC, platformName: MAC, proxy: Proxy(), setWindowRect: true, strictFileInteractability: false, timeouts: {implicit: 0, pageLoad: 300000, script: 30000}, unhandledPromptBehavior: dismiss and notify, webauthn:virtualAuthenticators: true}&#10;Session ID: 15d8172f59ea8b8044e03547aa50482a&#10;*** Element info: {Using=xpath, value=//a[@class=&apos;Link-sc-1khjl8b-0 kPdxNk&apos;][contains(text(),&apos;Weekly Ad&apos;)]}" type="org.openqa.selenium.NoSuchElementException"><![CDATA[org.openqa.selenium.NoSuchElementException: 
no such element: Unable to locate element: {"method":"xpath","selector":"//a[@class='Link-sc-1khjl8b-0 kPdxNk'][contains(text(),'Weekly Ad')]"}
  (Session info: chrome=85.0.4183.121)
For documentation on this error, please visit: https://www.seleniumhq.org/exceptions/no_such_element.html
Build info: version: '3.141.59', revision: 'e82be7d358', time: '2018-11-14T08:17:03'
System info: host: 'Mizans-MacBook-Pro.local', ip: '2604:2000:6087:cf00:906b:7f1d:5bf9:2341%en0', os.name: 'Mac OS X', os.arch: 'x86_64', os.version: '10.15.6', java.version: '11.0.7'
Driver info: org.openqa.selenium.chrome.ChromeDriver
Capabilities {acceptInsecureCerts: false, browserName: chrome, browserVersion: 85.0.4183.121, chrome: {chromedriverVersion: 85.0.4183.87 (cd6713ebf92fa..., userDataDir: /var/folders/b7/lgzywp995gd...}, goog:chromeOptions: {debuggerAddress: localhost:55408}, javascriptEnabled: true, networkConnectionEnabled: false, pageLoadStrategy: normal, platform: MAC, platformName: MAC, proxy: Proxy(), setWindowRect: true, strictFileInteractability: false, timeouts: {implicit: 0, pageLoad: 300000, script: 30000}, unhandledPromptBehavior: dismiss and notify, webauthn:virtualAuthenticators: true}
Session ID: 15d8172f59ea8b8044e03547aa50482a
*** Element info: {Using=xpath, value=//a[@class='Link-sc-1khjl8b-0 kPdxNk'][contains(text(),'Weekly Ad')]}
	at testhome.WeeklyAdTest.testWeeklyAsPageInterestBasedAdLinkIsActive(WeeklyAdTest.java:49)
]]></failure>
    <system-out><![CDATA[Screenshot captured
]]></system-out>
    <system-err><![CDATA[Starting ChromeDriver 85.0.4183.87 (cd6713ebf92fa1cacc0f1a598df280093af0c5d7-refs/branch-heads/4183@{#1689}) on port 11569
Only local connections are allowed.
Please see https://chromedriver.chromium.org/security-considerations for suggestions on keeping ChromeDriver safe.
ChromeDriver was started successfully.
Sep 26, 2020 3:24:29 AM org.openqa.selenium.remote.ProtocolHandshake createSession
INFO: Detected dialect: W3C
]]></system-err>
  </testcase>
</testsuite>